**************************************************
Report         : passing_points

Reference      : r:/WORK/SYS_TOP
Implementation : i:/WORK/SYS_TOP
Version        : L-2016.03-SP1
Date           : Wed Oct  1 21:12:09 2025
**************************************************

365 Passing compare points:

  Ref  LAT        r:/WORK/SYS_TOP/CLK_GATE/U0_TLATNCAX12M
  Impl LAT        i:/WORK/SYS_TOP/CLK_GATE/U0_TLATNCAX12M

  Ref  DFF        r:/WORK/SYS_TOP/ALU/ALU_OUT_reg[0]
  Impl DFF        i:/WORK/SYS_TOP/ALU/ALU_OUT_reg[0]

  Ref  DFF        r:/WORK/SYS_TOP/ALU/ALU_OUT_reg[10]
  Impl DFF        i:/WORK/SYS_TOP/ALU/ALU_OUT_reg[10]

  Ref  DFF        r:/WORK/SYS_TOP/ALU/ALU_OUT_reg[11]
  Impl DFF        i:/WORK/SYS_TOP/ALU/ALU_OUT_reg[11]

  Ref  DFF        r:/WORK/SYS_TOP/ALU/ALU_OUT_reg[12]
  Impl DFF        i:/WORK/SYS_TOP/ALU/ALU_OUT_reg[12]

  Ref  DFF        r:/WORK/SYS_TOP/ALU/ALU_OUT_reg[13]
  Impl DFF        i:/WORK/SYS_TOP/ALU/ALU_OUT_reg[13]

  Ref  DFF        r:/WORK/SYS_TOP/ALU/ALU_OUT_reg[14]
  Impl DFF        i:/WORK/SYS_TOP/ALU/ALU_OUT_reg[14]

  Ref  DFF        r:/WORK/SYS_TOP/ALU/ALU_OUT_reg[15]
  Impl DFF        i:/WORK/SYS_TOP/ALU/ALU_OUT_reg[15]

  Ref  DFF        r:/WORK/SYS_TOP/ALU/ALU_OUT_reg[1]
  Impl DFF        i:/WORK/SYS_TOP/ALU/ALU_OUT_reg[1]

  Ref  DFF        r:/WORK/SYS_TOP/ALU/ALU_OUT_reg[2]
  Impl DFF        i:/WORK/SYS_TOP/ALU/ALU_OUT_reg[2]

  Ref  DFF        r:/WORK/SYS_TOP/ALU/ALU_OUT_reg[3]
  Impl DFF        i:/WORK/SYS_TOP/ALU/ALU_OUT_reg[3]

  Ref  DFF        r:/WORK/SYS_TOP/ALU/ALU_OUT_reg[4]
  Impl DFF        i:/WORK/SYS_TOP/ALU/ALU_OUT_reg[4]

  Ref  DFF        r:/WORK/SYS_TOP/ALU/ALU_OUT_reg[5]
  Impl DFF        i:/WORK/SYS_TOP/ALU/ALU_OUT_reg[5]

  Ref  DFF        r:/WORK/SYS_TOP/ALU/ALU_OUT_reg[6]
  Impl DFF        i:/WORK/SYS_TOP/ALU/ALU_OUT_reg[6]

  Ref  DFF        r:/WORK/SYS_TOP/ALU/ALU_OUT_reg[7]
  Impl DFF        i:/WORK/SYS_TOP/ALU/ALU_OUT_reg[7]

  Ref  DFF        r:/WORK/SYS_TOP/ALU/ALU_OUT_reg[8]
  Impl DFF        i:/WORK/SYS_TOP/ALU/ALU_OUT_reg[8]

  Ref  DFF        r:/WORK/SYS_TOP/ALU/ALU_OUT_reg[9]
  Impl DFF        i:/WORK/SYS_TOP/ALU/ALU_OUT_reg[9]

  Ref  DFF        r:/WORK/SYS_TOP/ALU/OUT_VALID_reg
  Impl DFF        i:/WORK/SYS_TOP/ALU/OUT_VALID_reg

  Ref  DFF        r:/WORK/SYS_TOP/Data_sync/enable_flop_reg
  Impl DFF        i:/WORK/SYS_TOP/Data_sync/enable_flop_reg

  Ref  DFF        r:/WORK/SYS_TOP/Data_sync/enable_pulse_reg
  Impl DFF        i:/WORK/SYS_TOP/Data_sync/enable_pulse_reg

  Ref  DFF        r:/WORK/SYS_TOP/Data_sync/sync_bus_reg[0]
  Impl DFF        i:/WORK/SYS_TOP/Data_sync/sync_bus_reg[0]

  Ref  DFF        r:/WORK/SYS_TOP/Data_sync/sync_bus_reg[1]
  Impl DFF        i:/WORK/SYS_TOP/Data_sync/sync_bus_reg[1]

  Ref  DFF        r:/WORK/SYS_TOP/Data_sync/sync_bus_reg[2]
  Impl DFF        i:/WORK/SYS_TOP/Data_sync/sync_bus_reg[2]

  Ref  DFF        r:/WORK/SYS_TOP/Data_sync/sync_bus_reg[3]
  Impl DFF        i:/WORK/SYS_TOP/Data_sync/sync_bus_reg[3]

  Ref  DFF        r:/WORK/SYS_TOP/Data_sync/sync_bus_reg[4]
  Impl DFF        i:/WORK/SYS_TOP/Data_sync/sync_bus_reg[4]

  Ref  DFF        r:/WORK/SYS_TOP/Data_sync/sync_bus_reg[5]
  Impl DFF        i:/WORK/SYS_TOP/Data_sync/sync_bus_reg[5]

  Ref  DFF        r:/WORK/SYS_TOP/Data_sync/sync_bus_reg[6]
  Impl DFF        i:/WORK/SYS_TOP/Data_sync/sync_bus_reg[6]

  Ref  DFF        r:/WORK/SYS_TOP/Data_sync/sync_bus_reg[7]
  Impl DFF        i:/WORK/SYS_TOP/Data_sync/sync_bus_reg[7]

  Ref  DFF        r:/WORK/SYS_TOP/Data_sync/sync_reg_reg[0]
  Impl DFF        i:/WORK/SYS_TOP/Data_sync/sync_reg_reg[0]

  Ref  DFF        r:/WORK/SYS_TOP/Data_sync/sync_reg_reg[1]
  Impl DFF        i:/WORK/SYS_TOP/Data_sync/sync_reg_reg[1]

  Ref  DFF        r:/WORK/SYS_TOP/FIFO/MEM/Reg_File_reg[0][0]
  Impl DFF        i:/WORK/SYS_TOP/FIFO/MEM/Reg_File_reg[0][0]

  Ref  DFF        r:/WORK/SYS_TOP/FIFO/MEM/Reg_File_reg[0][1]
  Impl DFF        i:/WORK/SYS_TOP/FIFO/MEM/Reg_File_reg[0][1]

  Ref  DFF        r:/WORK/SYS_TOP/FIFO/MEM/Reg_File_reg[0][2]
  Impl DFF        i:/WORK/SYS_TOP/FIFO/MEM/Reg_File_reg[0][2]

  Ref  DFF        r:/WORK/SYS_TOP/FIFO/MEM/Reg_File_reg[0][3]
  Impl DFF        i:/WORK/SYS_TOP/FIFO/MEM/Reg_File_reg[0][3]

  Ref  DFF        r:/WORK/SYS_TOP/FIFO/MEM/Reg_File_reg[0][4]
  Impl DFF        i:/WORK/SYS_TOP/FIFO/MEM/Reg_File_reg[0][4]

  Ref  DFF        r:/WORK/SYS_TOP/FIFO/MEM/Reg_File_reg[0][5]
  Impl DFF        i:/WORK/SYS_TOP/FIFO/MEM/Reg_File_reg[0][5]

  Ref  DFF        r:/WORK/SYS_TOP/FIFO/MEM/Reg_File_reg[0][6]
  Impl DFF        i:/WORK/SYS_TOP/FIFO/MEM/Reg_File_reg[0][6]

  Ref  DFF        r:/WORK/SYS_TOP/FIFO/MEM/Reg_File_reg[0][7]
  Impl DFF        i:/WORK/SYS_TOP/FIFO/MEM/Reg_File_reg[0][7]

  Ref  DFF        r:/WORK/SYS_TOP/FIFO/MEM/Reg_File_reg[1][0]
  Impl DFF        i:/WORK/SYS_TOP/FIFO/MEM/Reg_File_reg[1][0]

  Ref  DFF        r:/WORK/SYS_TOP/FIFO/MEM/Reg_File_reg[1][1]
  Impl DFF        i:/WORK/SYS_TOP/FIFO/MEM/Reg_File_reg[1][1]

  Ref  DFF        r:/WORK/SYS_TOP/FIFO/MEM/Reg_File_reg[1][2]
  Impl DFF        i:/WORK/SYS_TOP/FIFO/MEM/Reg_File_reg[1][2]

  Ref  DFF        r:/WORK/SYS_TOP/FIFO/MEM/Reg_File_reg[1][3]
  Impl DFF        i:/WORK/SYS_TOP/FIFO/MEM/Reg_File_reg[1][3]

  Ref  DFF        r:/WORK/SYS_TOP/FIFO/MEM/Reg_File_reg[1][4]
  Impl DFF        i:/WORK/SYS_TOP/FIFO/MEM/Reg_File_reg[1][4]

  Ref  DFF        r:/WORK/SYS_TOP/FIFO/MEM/Reg_File_reg[1][5]
  Impl DFF        i:/WORK/SYS_TOP/FIFO/MEM/Reg_File_reg[1][5]

  Ref  DFF        r:/WORK/SYS_TOP/FIFO/MEM/Reg_File_reg[1][6]
  Impl DFF        i:/WORK/SYS_TOP/FIFO/MEM/Reg_File_reg[1][6]

  Ref  DFF        r:/WORK/SYS_TOP/FIFO/MEM/Reg_File_reg[1][7]
  Impl DFF        i:/WORK/SYS_TOP/FIFO/MEM/Reg_File_reg[1][7]

  Ref  DFF        r:/WORK/SYS_TOP/FIFO/MEM/Reg_File_reg[2][0]
  Impl DFF        i:/WORK/SYS_TOP/FIFO/MEM/Reg_File_reg[2][0]

  Ref  DFF        r:/WORK/SYS_TOP/FIFO/MEM/Reg_File_reg[2][1]
  Impl DFF        i:/WORK/SYS_TOP/FIFO/MEM/Reg_File_reg[2][1]

  Ref  DFF        r:/WORK/SYS_TOP/FIFO/MEM/Reg_File_reg[2][2]
  Impl DFF        i:/WORK/SYS_TOP/FIFO/MEM/Reg_File_reg[2][2]

  Ref  DFF        r:/WORK/SYS_TOP/FIFO/MEM/Reg_File_reg[2][3]
  Impl DFF        i:/WORK/SYS_TOP/FIFO/MEM/Reg_File_reg[2][3]

  Ref  DFF        r:/WORK/SYS_TOP/FIFO/MEM/Reg_File_reg[2][4]
  Impl DFF        i:/WORK/SYS_TOP/FIFO/MEM/Reg_File_reg[2][4]

  Ref  DFF        r:/WORK/SYS_TOP/FIFO/MEM/Reg_File_reg[2][5]
  Impl DFF        i:/WORK/SYS_TOP/FIFO/MEM/Reg_File_reg[2][5]

  Ref  DFF        r:/WORK/SYS_TOP/FIFO/MEM/Reg_File_reg[2][6]
  Impl DFF        i:/WORK/SYS_TOP/FIFO/MEM/Reg_File_reg[2][6]

  Ref  DFF        r:/WORK/SYS_TOP/FIFO/MEM/Reg_File_reg[2][7]
  Impl DFF        i:/WORK/SYS_TOP/FIFO/MEM/Reg_File_reg[2][7]

  Ref  DFF        r:/WORK/SYS_TOP/FIFO/MEM/Reg_File_reg[3][0]
  Impl DFF        i:/WORK/SYS_TOP/FIFO/MEM/Reg_File_reg[3][0]

  Ref  DFF        r:/WORK/SYS_TOP/FIFO/MEM/Reg_File_reg[3][1]
  Impl DFF        i:/WORK/SYS_TOP/FIFO/MEM/Reg_File_reg[3][1]

  Ref  DFF        r:/WORK/SYS_TOP/FIFO/MEM/Reg_File_reg[3][2]
  Impl DFF        i:/WORK/SYS_TOP/FIFO/MEM/Reg_File_reg[3][2]

  Ref  DFF        r:/WORK/SYS_TOP/FIFO/MEM/Reg_File_reg[3][3]
  Impl DFF        i:/WORK/SYS_TOP/FIFO/MEM/Reg_File_reg[3][3]

  Ref  DFF        r:/WORK/SYS_TOP/FIFO/MEM/Reg_File_reg[3][4]
  Impl DFF        i:/WORK/SYS_TOP/FIFO/MEM/Reg_File_reg[3][4]

  Ref  DFF        r:/WORK/SYS_TOP/FIFO/MEM/Reg_File_reg[3][5]
  Impl DFF        i:/WORK/SYS_TOP/FIFO/MEM/Reg_File_reg[3][5]

  Ref  DFF        r:/WORK/SYS_TOP/FIFO/MEM/Reg_File_reg[3][6]
  Impl DFF        i:/WORK/SYS_TOP/FIFO/MEM/Reg_File_reg[3][6]

  Ref  DFF        r:/WORK/SYS_TOP/FIFO/MEM/Reg_File_reg[3][7]
  Impl DFF        i:/WORK/SYS_TOP/FIFO/MEM/Reg_File_reg[3][7]

  Ref  DFF        r:/WORK/SYS_TOP/FIFO/MEM/Reg_File_reg[4][0]
  Impl DFF        i:/WORK/SYS_TOP/FIFO/MEM/Reg_File_reg[4][0]

  Ref  DFF        r:/WORK/SYS_TOP/FIFO/MEM/Reg_File_reg[4][1]
  Impl DFF        i:/WORK/SYS_TOP/FIFO/MEM/Reg_File_reg[4][1]

  Ref  DFF        r:/WORK/SYS_TOP/FIFO/MEM/Reg_File_reg[4][2]
  Impl DFF        i:/WORK/SYS_TOP/FIFO/MEM/Reg_File_reg[4][2]

  Ref  DFF        r:/WORK/SYS_TOP/FIFO/MEM/Reg_File_reg[4][3]
  Impl DFF        i:/WORK/SYS_TOP/FIFO/MEM/Reg_File_reg[4][3]

  Ref  DFF        r:/WORK/SYS_TOP/FIFO/MEM/Reg_File_reg[4][4]
  Impl DFF        i:/WORK/SYS_TOP/FIFO/MEM/Reg_File_reg[4][4]

  Ref  DFF        r:/WORK/SYS_TOP/FIFO/MEM/Reg_File_reg[4][5]
  Impl DFF        i:/WORK/SYS_TOP/FIFO/MEM/Reg_File_reg[4][5]

  Ref  DFF        r:/WORK/SYS_TOP/FIFO/MEM/Reg_File_reg[4][6]
  Impl DFF        i:/WORK/SYS_TOP/FIFO/MEM/Reg_File_reg[4][6]

  Ref  DFF        r:/WORK/SYS_TOP/FIFO/MEM/Reg_File_reg[4][7]
  Impl DFF        i:/WORK/SYS_TOP/FIFO/MEM/Reg_File_reg[4][7]

  Ref  DFF        r:/WORK/SYS_TOP/FIFO/MEM/Reg_File_reg[5][0]
  Impl DFF        i:/WORK/SYS_TOP/FIFO/MEM/Reg_File_reg[5][0]

  Ref  DFF        r:/WORK/SYS_TOP/FIFO/MEM/Reg_File_reg[5][1]
  Impl DFF        i:/WORK/SYS_TOP/FIFO/MEM/Reg_File_reg[5][1]

  Ref  DFF        r:/WORK/SYS_TOP/FIFO/MEM/Reg_File_reg[5][2]
  Impl DFF        i:/WORK/SYS_TOP/FIFO/MEM/Reg_File_reg[5][2]

  Ref  DFF        r:/WORK/SYS_TOP/FIFO/MEM/Reg_File_reg[5][3]
  Impl DFF        i:/WORK/SYS_TOP/FIFO/MEM/Reg_File_reg[5][3]

  Ref  DFF        r:/WORK/SYS_TOP/FIFO/MEM/Reg_File_reg[5][4]
  Impl DFF        i:/WORK/SYS_TOP/FIFO/MEM/Reg_File_reg[5][4]

  Ref  DFF        r:/WORK/SYS_TOP/FIFO/MEM/Reg_File_reg[5][5]
  Impl DFF        i:/WORK/SYS_TOP/FIFO/MEM/Reg_File_reg[5][5]

  Ref  DFF        r:/WORK/SYS_TOP/FIFO/MEM/Reg_File_reg[5][6]
  Impl DFF        i:/WORK/SYS_TOP/FIFO/MEM/Reg_File_reg[5][6]

  Ref  DFF        r:/WORK/SYS_TOP/FIFO/MEM/Reg_File_reg[5][7]
  Impl DFF        i:/WORK/SYS_TOP/FIFO/MEM/Reg_File_reg[5][7]

  Ref  DFF        r:/WORK/SYS_TOP/FIFO/MEM/Reg_File_reg[6][0]
  Impl DFF        i:/WORK/SYS_TOP/FIFO/MEM/Reg_File_reg[6][0]

  Ref  DFF        r:/WORK/SYS_TOP/FIFO/MEM/Reg_File_reg[6][1]
  Impl DFF        i:/WORK/SYS_TOP/FIFO/MEM/Reg_File_reg[6][1]

  Ref  DFF        r:/WORK/SYS_TOP/FIFO/MEM/Reg_File_reg[6][2]
  Impl DFF        i:/WORK/SYS_TOP/FIFO/MEM/Reg_File_reg[6][2]

  Ref  DFF        r:/WORK/SYS_TOP/FIFO/MEM/Reg_File_reg[6][3]
  Impl DFF        i:/WORK/SYS_TOP/FIFO/MEM/Reg_File_reg[6][3]

  Ref  DFF        r:/WORK/SYS_TOP/FIFO/MEM/Reg_File_reg[6][4]
  Impl DFF        i:/WORK/SYS_TOP/FIFO/MEM/Reg_File_reg[6][4]

  Ref  DFF        r:/WORK/SYS_TOP/FIFO/MEM/Reg_File_reg[6][5]
  Impl DFF        i:/WORK/SYS_TOP/FIFO/MEM/Reg_File_reg[6][5]

  Ref  DFF        r:/WORK/SYS_TOP/FIFO/MEM/Reg_File_reg[6][6]
  Impl DFF        i:/WORK/SYS_TOP/FIFO/MEM/Reg_File_reg[6][6]

  Ref  DFF        r:/WORK/SYS_TOP/FIFO/MEM/Reg_File_reg[6][7]
  Impl DFF        i:/WORK/SYS_TOP/FIFO/MEM/Reg_File_reg[6][7]

  Ref  DFF        r:/WORK/SYS_TOP/FIFO/MEM/Reg_File_reg[7][0]
  Impl DFF        i:/WORK/SYS_TOP/FIFO/MEM/Reg_File_reg[7][0]

  Ref  DFF        r:/WORK/SYS_TOP/FIFO/MEM/Reg_File_reg[7][1]
  Impl DFF        i:/WORK/SYS_TOP/FIFO/MEM/Reg_File_reg[7][1]

  Ref  DFF        r:/WORK/SYS_TOP/FIFO/MEM/Reg_File_reg[7][2]
  Impl DFF        i:/WORK/SYS_TOP/FIFO/MEM/Reg_File_reg[7][2]

  Ref  DFF        r:/WORK/SYS_TOP/FIFO/MEM/Reg_File_reg[7][3]
  Impl DFF        i:/WORK/SYS_TOP/FIFO/MEM/Reg_File_reg[7][3]

  Ref  DFF        r:/WORK/SYS_TOP/FIFO/MEM/Reg_File_reg[7][4]
  Impl DFF        i:/WORK/SYS_TOP/FIFO/MEM/Reg_File_reg[7][4]

  Ref  DFF        r:/WORK/SYS_TOP/FIFO/MEM/Reg_File_reg[7][5]
  Impl DFF        i:/WORK/SYS_TOP/FIFO/MEM/Reg_File_reg[7][5]

  Ref  DFF        r:/WORK/SYS_TOP/FIFO/MEM/Reg_File_reg[7][6]
  Impl DFF        i:/WORK/SYS_TOP/FIFO/MEM/Reg_File_reg[7][6]

  Ref  DFF        r:/WORK/SYS_TOP/FIFO/MEM/Reg_File_reg[7][7]
  Impl DFF        i:/WORK/SYS_TOP/FIFO/MEM/Reg_File_reg[7][7]

  Ref  DFF        r:/WORK/SYS_TOP/FIFO/RD/r_binary_reg[0]
  Impl DFF        i:/WORK/SYS_TOP/FIFO/RD/r_binary_reg[0]

  Ref  DFF        r:/WORK/SYS_TOP/FIFO/RD/r_binary_reg[1]
  Impl DFF        i:/WORK/SYS_TOP/FIFO/RD/r_binary_reg[1]

  Ref  DFF        r:/WORK/SYS_TOP/FIFO/RD/r_binary_reg[2]
  Impl DFF        i:/WORK/SYS_TOP/FIFO/RD/r_binary_reg[2]

  Ref  DFF        r:/WORK/SYS_TOP/FIFO/RD/r_binary_reg[3]
  Impl DFF        i:/WORK/SYS_TOP/FIFO/RD/r_binary_reg[3]

  Ref  DFF        r:/WORK/SYS_TOP/FIFO/RD/rempty_reg
  Impl DFF        i:/WORK/SYS_TOP/FIFO/RD/rempty_reg

  Ref  DFF        r:/WORK/SYS_TOP/FIFO/RD/rptr_reg[0]
  Impl DFF        i:/WORK/SYS_TOP/FIFO/RD/rptr_reg[0]

  Ref  DFF        r:/WORK/SYS_TOP/FIFO/RD/rptr_reg[1]
  Impl DFF        i:/WORK/SYS_TOP/FIFO/RD/rptr_reg[1]

  Ref  DFF        r:/WORK/SYS_TOP/FIFO/RD/rptr_reg[2]
  Impl DFF        i:/WORK/SYS_TOP/FIFO/RD/rptr_reg[2]

  Ref  DFF        r:/WORK/SYS_TOP/FIFO/RD/rptr_reg[3]
  Impl DFF        i:/WORK/SYS_TOP/FIFO/RD/rptr_reg[3]

  Ref  DFF        r:/WORK/SYS_TOP/FIFO/WR/w_binary_reg[0]
  Impl DFF        i:/WORK/SYS_TOP/FIFO/WR/w_binary_reg[0]

  Ref  DFF        r:/WORK/SYS_TOP/FIFO/WR/w_binary_reg[1]
  Impl DFF        i:/WORK/SYS_TOP/FIFO/WR/w_binary_reg[1]

  Ref  DFF        r:/WORK/SYS_TOP/FIFO/WR/w_binary_reg[2]
  Impl DFF        i:/WORK/SYS_TOP/FIFO/WR/w_binary_reg[2]

  Ref  DFF        r:/WORK/SYS_TOP/FIFO/WR/w_binary_reg[3]
  Impl DFF        i:/WORK/SYS_TOP/FIFO/WR/w_binary_reg[3]

  Ref  DFF        r:/WORK/SYS_TOP/FIFO/WR/wfull_reg
  Impl DFF        i:/WORK/SYS_TOP/FIFO/WR/wfull_reg

  Ref  DFF        r:/WORK/SYS_TOP/FIFO/WR/wptr_reg[0]
  Impl DFF        i:/WORK/SYS_TOP/FIFO/WR/wptr_reg[0]

  Ref  DFF        r:/WORK/SYS_TOP/FIFO/WR/wptr_reg[1]
  Impl DFF        i:/WORK/SYS_TOP/FIFO/WR/wptr_reg[1]

  Ref  DFF        r:/WORK/SYS_TOP/FIFO/WR/wptr_reg[2]
  Impl DFF        i:/WORK/SYS_TOP/FIFO/WR/wptr_reg[2]

  Ref  DFF        r:/WORK/SYS_TOP/FIFO/WR/wptr_reg[3]
  Impl DFF        i:/WORK/SYS_TOP/FIFO/WR/wptr_reg[3]

  Ref  DFF        r:/WORK/SYS_TOP/FIFO/sync_r2w/sync_reg_reg[0][0]
  Impl DFF        i:/WORK/SYS_TOP/FIFO/sync_r2w/sync_reg_reg[0][0]

  Ref  DFF        r:/WORK/SYS_TOP/FIFO/sync_r2w/sync_reg_reg[0][1]
  Impl DFF        i:/WORK/SYS_TOP/FIFO/sync_r2w/sync_reg_reg[0][1]

  Ref  DFF        r:/WORK/SYS_TOP/FIFO/sync_r2w/sync_reg_reg[1][0]
  Impl DFF        i:/WORK/SYS_TOP/FIFO/sync_r2w/sync_reg_reg[1][0]

  Ref  DFF        r:/WORK/SYS_TOP/FIFO/sync_r2w/sync_reg_reg[1][1]
  Impl DFF        i:/WORK/SYS_TOP/FIFO/sync_r2w/sync_reg_reg[1][1]

  Ref  DFF        r:/WORK/SYS_TOP/FIFO/sync_r2w/sync_reg_reg[2][0]
  Impl DFF        i:/WORK/SYS_TOP/FIFO/sync_r2w/sync_reg_reg[2][0]

  Ref  DFF        r:/WORK/SYS_TOP/FIFO/sync_r2w/sync_reg_reg[2][1]
  Impl DFF        i:/WORK/SYS_TOP/FIFO/sync_r2w/sync_reg_reg[2][1]

  Ref  DFF        r:/WORK/SYS_TOP/FIFO/sync_r2w/sync_reg_reg[3][0]
  Impl DFF        i:/WORK/SYS_TOP/FIFO/sync_r2w/sync_reg_reg[3][0]

  Ref  DFF        r:/WORK/SYS_TOP/FIFO/sync_r2w/sync_reg_reg[3][1]
  Impl DFF        i:/WORK/SYS_TOP/FIFO/sync_r2w/sync_reg_reg[3][1]

  Ref  DFF        r:/WORK/SYS_TOP/FIFO/sync_w2r/sync_reg_reg[0][0]
  Impl DFF        i:/WORK/SYS_TOP/FIFO/sync_w2r/sync_reg_reg[0][0]

  Ref  DFF        r:/WORK/SYS_TOP/FIFO/sync_w2r/sync_reg_reg[0][1]
  Impl DFF        i:/WORK/SYS_TOP/FIFO/sync_w2r/sync_reg_reg[0][1]

  Ref  DFF        r:/WORK/SYS_TOP/FIFO/sync_w2r/sync_reg_reg[1][0]
  Impl DFF        i:/WORK/SYS_TOP/FIFO/sync_w2r/sync_reg_reg[1][0]

  Ref  DFF        r:/WORK/SYS_TOP/FIFO/sync_w2r/sync_reg_reg[1][1]
  Impl DFF        i:/WORK/SYS_TOP/FIFO/sync_w2r/sync_reg_reg[1][1]

  Ref  DFF        r:/WORK/SYS_TOP/FIFO/sync_w2r/sync_reg_reg[2][0]
  Impl DFF        i:/WORK/SYS_TOP/FIFO/sync_w2r/sync_reg_reg[2][0]

  Ref  DFF        r:/WORK/SYS_TOP/FIFO/sync_w2r/sync_reg_reg[2][1]
  Impl DFF        i:/WORK/SYS_TOP/FIFO/sync_w2r/sync_reg_reg[2][1]

  Ref  DFF        r:/WORK/SYS_TOP/FIFO/sync_w2r/sync_reg_reg[3][0]
  Impl DFF        i:/WORK/SYS_TOP/FIFO/sync_w2r/sync_reg_reg[3][0]

  Ref  DFF        r:/WORK/SYS_TOP/FIFO/sync_w2r/sync_reg_reg[3][1]
  Impl DFF        i:/WORK/SYS_TOP/FIFO/sync_w2r/sync_reg_reg[3][1]

  Ref  DFF        r:/WORK/SYS_TOP/REGISTER/RdData_Valid_reg
  Impl DFF        i:/WORK/SYS_TOP/REGISTER/RdData_Valid_reg

  Ref  DFF        r:/WORK/SYS_TOP/REGISTER/RdData_reg[0]
  Impl DFF        i:/WORK/SYS_TOP/REGISTER/RdData_reg[0]

  Ref  DFF        r:/WORK/SYS_TOP/REGISTER/RdData_reg[1]
  Impl DFF        i:/WORK/SYS_TOP/REGISTER/RdData_reg[1]

  Ref  DFF        r:/WORK/SYS_TOP/REGISTER/RdData_reg[2]
  Impl DFF        i:/WORK/SYS_TOP/REGISTER/RdData_reg[2]

  Ref  DFF        r:/WORK/SYS_TOP/REGISTER/RdData_reg[3]
  Impl DFF        i:/WORK/SYS_TOP/REGISTER/RdData_reg[3]

  Ref  DFF        r:/WORK/SYS_TOP/REGISTER/RdData_reg[4]
  Impl DFF        i:/WORK/SYS_TOP/REGISTER/RdData_reg[4]

  Ref  DFF        r:/WORK/SYS_TOP/REGISTER/RdData_reg[5]
  Impl DFF        i:/WORK/SYS_TOP/REGISTER/RdData_reg[5]

  Ref  DFF        r:/WORK/SYS_TOP/REGISTER/RdData_reg[6]
  Impl DFF        i:/WORK/SYS_TOP/REGISTER/RdData_reg[6]

  Ref  DFF        r:/WORK/SYS_TOP/REGISTER/RdData_reg[7]
  Impl DFF        i:/WORK/SYS_TOP/REGISTER/RdData_reg[7]

  Ref  DFF        r:/WORK/SYS_TOP/REGISTER/Reg_File_reg[0][0]
  Impl DFF        i:/WORK/SYS_TOP/REGISTER/Reg_File_reg[0][0]

  Ref  DFF        r:/WORK/SYS_TOP/REGISTER/Reg_File_reg[0][1]
  Impl DFF        i:/WORK/SYS_TOP/REGISTER/Reg_File_reg[0][1]

  Ref  DFF        r:/WORK/SYS_TOP/REGISTER/Reg_File_reg[0][2]
  Impl DFF        i:/WORK/SYS_TOP/REGISTER/Reg_File_reg[0][2]

  Ref  DFF        r:/WORK/SYS_TOP/REGISTER/Reg_File_reg[0][3]
  Impl DFF        i:/WORK/SYS_TOP/REGISTER/Reg_File_reg[0][3]

  Ref  DFF        r:/WORK/SYS_TOP/REGISTER/Reg_File_reg[0][4]
  Impl DFF        i:/WORK/SYS_TOP/REGISTER/Reg_File_reg[0][4]

  Ref  DFF        r:/WORK/SYS_TOP/REGISTER/Reg_File_reg[0][5]
  Impl DFF        i:/WORK/SYS_TOP/REGISTER/Reg_File_reg[0][5]

  Ref  DFF        r:/WORK/SYS_TOP/REGISTER/Reg_File_reg[0][6]
  Impl DFF        i:/WORK/SYS_TOP/REGISTER/Reg_File_reg[0][6]

  Ref  DFF        r:/WORK/SYS_TOP/REGISTER/Reg_File_reg[0][7]
  Impl DFF        i:/WORK/SYS_TOP/REGISTER/Reg_File_reg[0][7]

  Ref  DFF        r:/WORK/SYS_TOP/REGISTER/Reg_File_reg[10][0]
  Impl DFF        i:/WORK/SYS_TOP/REGISTER/Reg_File_reg[10][0]

  Ref  DFF        r:/WORK/SYS_TOP/REGISTER/Reg_File_reg[10][1]
  Impl DFF        i:/WORK/SYS_TOP/REGISTER/Reg_File_reg[10][1]

  Ref  DFF        r:/WORK/SYS_TOP/REGISTER/Reg_File_reg[10][2]
  Impl DFF        i:/WORK/SYS_TOP/REGISTER/Reg_File_reg[10][2]

  Ref  DFF        r:/WORK/SYS_TOP/REGISTER/Reg_File_reg[10][3]
  Impl DFF        i:/WORK/SYS_TOP/REGISTER/Reg_File_reg[10][3]

  Ref  DFF        r:/WORK/SYS_TOP/REGISTER/Reg_File_reg[10][4]
  Impl DFF        i:/WORK/SYS_TOP/REGISTER/Reg_File_reg[10][4]

  Ref  DFF        r:/WORK/SYS_TOP/REGISTER/Reg_File_reg[10][5]
  Impl DFF        i:/WORK/SYS_TOP/REGISTER/Reg_File_reg[10][5]

  Ref  DFF        r:/WORK/SYS_TOP/REGISTER/Reg_File_reg[10][6]
  Impl DFF        i:/WORK/SYS_TOP/REGISTER/Reg_File_reg[10][6]

  Ref  DFF        r:/WORK/SYS_TOP/REGISTER/Reg_File_reg[10][7]
  Impl DFF        i:/WORK/SYS_TOP/REGISTER/Reg_File_reg[10][7]

  Ref  DFF        r:/WORK/SYS_TOP/REGISTER/Reg_File_reg[11][0]
  Impl DFF        i:/WORK/SYS_TOP/REGISTER/Reg_File_reg[11][0]

  Ref  DFF        r:/WORK/SYS_TOP/REGISTER/Reg_File_reg[11][1]
  Impl DFF        i:/WORK/SYS_TOP/REGISTER/Reg_File_reg[11][1]

  Ref  DFF        r:/WORK/SYS_TOP/REGISTER/Reg_File_reg[11][2]
  Impl DFF        i:/WORK/SYS_TOP/REGISTER/Reg_File_reg[11][2]

  Ref  DFF        r:/WORK/SYS_TOP/REGISTER/Reg_File_reg[11][3]
  Impl DFF        i:/WORK/SYS_TOP/REGISTER/Reg_File_reg[11][3]

  Ref  DFF        r:/WORK/SYS_TOP/REGISTER/Reg_File_reg[11][4]
  Impl DFF        i:/WORK/SYS_TOP/REGISTER/Reg_File_reg[11][4]

  Ref  DFF        r:/WORK/SYS_TOP/REGISTER/Reg_File_reg[11][5]
  Impl DFF        i:/WORK/SYS_TOP/REGISTER/Reg_File_reg[11][5]

  Ref  DFF        r:/WORK/SYS_TOP/REGISTER/Reg_File_reg[11][6]
  Impl DFF        i:/WORK/SYS_TOP/REGISTER/Reg_File_reg[11][6]

  Ref  DFF        r:/WORK/SYS_TOP/REGISTER/Reg_File_reg[11][7]
  Impl DFF        i:/WORK/SYS_TOP/REGISTER/Reg_File_reg[11][7]

  Ref  DFF        r:/WORK/SYS_TOP/REGISTER/Reg_File_reg[12][0]
  Impl DFF        i:/WORK/SYS_TOP/REGISTER/Reg_File_reg[12][0]

  Ref  DFF        r:/WORK/SYS_TOP/REGISTER/Reg_File_reg[12][1]
  Impl DFF        i:/WORK/SYS_TOP/REGISTER/Reg_File_reg[12][1]

  Ref  DFF        r:/WORK/SYS_TOP/REGISTER/Reg_File_reg[12][2]
  Impl DFF        i:/WORK/SYS_TOP/REGISTER/Reg_File_reg[12][2]

  Ref  DFF        r:/WORK/SYS_TOP/REGISTER/Reg_File_reg[12][3]
  Impl DFF        i:/WORK/SYS_TOP/REGISTER/Reg_File_reg[12][3]

  Ref  DFF        r:/WORK/SYS_TOP/REGISTER/Reg_File_reg[12][4]
  Impl DFF        i:/WORK/SYS_TOP/REGISTER/Reg_File_reg[12][4]

  Ref  DFF        r:/WORK/SYS_TOP/REGISTER/Reg_File_reg[12][5]
  Impl DFF        i:/WORK/SYS_TOP/REGISTER/Reg_File_reg[12][5]

  Ref  DFF        r:/WORK/SYS_TOP/REGISTER/Reg_File_reg[12][6]
  Impl DFF        i:/WORK/SYS_TOP/REGISTER/Reg_File_reg[12][6]

  Ref  DFF        r:/WORK/SYS_TOP/REGISTER/Reg_File_reg[12][7]
  Impl DFF        i:/WORK/SYS_TOP/REGISTER/Reg_File_reg[12][7]

  Ref  DFF        r:/WORK/SYS_TOP/REGISTER/Reg_File_reg[13][0]
  Impl DFF        i:/WORK/SYS_TOP/REGISTER/Reg_File_reg[13][0]

  Ref  DFF        r:/WORK/SYS_TOP/REGISTER/Reg_File_reg[13][1]
  Impl DFF        i:/WORK/SYS_TOP/REGISTER/Reg_File_reg[13][1]

  Ref  DFF        r:/WORK/SYS_TOP/REGISTER/Reg_File_reg[13][2]
  Impl DFF        i:/WORK/SYS_TOP/REGISTER/Reg_File_reg[13][2]

  Ref  DFF        r:/WORK/SYS_TOP/REGISTER/Reg_File_reg[13][3]
  Impl DFF        i:/WORK/SYS_TOP/REGISTER/Reg_File_reg[13][3]

  Ref  DFF        r:/WORK/SYS_TOP/REGISTER/Reg_File_reg[13][4]
  Impl DFF        i:/WORK/SYS_TOP/REGISTER/Reg_File_reg[13][4]

  Ref  DFF        r:/WORK/SYS_TOP/REGISTER/Reg_File_reg[13][5]
  Impl DFF        i:/WORK/SYS_TOP/REGISTER/Reg_File_reg[13][5]

  Ref  DFF        r:/WORK/SYS_TOP/REGISTER/Reg_File_reg[13][6]
  Impl DFF        i:/WORK/SYS_TOP/REGISTER/Reg_File_reg[13][6]

  Ref  DFF        r:/WORK/SYS_TOP/REGISTER/Reg_File_reg[13][7]
  Impl DFF        i:/WORK/SYS_TOP/REGISTER/Reg_File_reg[13][7]

  Ref  DFF        r:/WORK/SYS_TOP/REGISTER/Reg_File_reg[14][0]
  Impl DFF        i:/WORK/SYS_TOP/REGISTER/Reg_File_reg[14][0]

  Ref  DFF        r:/WORK/SYS_TOP/REGISTER/Reg_File_reg[14][1]
  Impl DFF        i:/WORK/SYS_TOP/REGISTER/Reg_File_reg[14][1]

  Ref  DFF        r:/WORK/SYS_TOP/REGISTER/Reg_File_reg[14][2]
  Impl DFF        i:/WORK/SYS_TOP/REGISTER/Reg_File_reg[14][2]

  Ref  DFF        r:/WORK/SYS_TOP/REGISTER/Reg_File_reg[14][3]
  Impl DFF        i:/WORK/SYS_TOP/REGISTER/Reg_File_reg[14][3]

  Ref  DFF        r:/WORK/SYS_TOP/REGISTER/Reg_File_reg[14][4]
  Impl DFF        i:/WORK/SYS_TOP/REGISTER/Reg_File_reg[14][4]

  Ref  DFF        r:/WORK/SYS_TOP/REGISTER/Reg_File_reg[14][5]
  Impl DFF        i:/WORK/SYS_TOP/REGISTER/Reg_File_reg[14][5]

  Ref  DFF        r:/WORK/SYS_TOP/REGISTER/Reg_File_reg[14][6]
  Impl DFF        i:/WORK/SYS_TOP/REGISTER/Reg_File_reg[14][6]

  Ref  DFF        r:/WORK/SYS_TOP/REGISTER/Reg_File_reg[14][7]
  Impl DFF        i:/WORK/SYS_TOP/REGISTER/Reg_File_reg[14][7]

  Ref  DFF        r:/WORK/SYS_TOP/REGISTER/Reg_File_reg[15][0]
  Impl DFF        i:/WORK/SYS_TOP/REGISTER/Reg_File_reg[15][0]

  Ref  DFF        r:/WORK/SYS_TOP/REGISTER/Reg_File_reg[15][1]
  Impl DFF        i:/WORK/SYS_TOP/REGISTER/Reg_File_reg[15][1]

  Ref  DFF        r:/WORK/SYS_TOP/REGISTER/Reg_File_reg[15][2]
  Impl DFF        i:/WORK/SYS_TOP/REGISTER/Reg_File_reg[15][2]

  Ref  DFF        r:/WORK/SYS_TOP/REGISTER/Reg_File_reg[15][3]
  Impl DFF        i:/WORK/SYS_TOP/REGISTER/Reg_File_reg[15][3]

  Ref  DFF        r:/WORK/SYS_TOP/REGISTER/Reg_File_reg[15][4]
  Impl DFF        i:/WORK/SYS_TOP/REGISTER/Reg_File_reg[15][4]

  Ref  DFF        r:/WORK/SYS_TOP/REGISTER/Reg_File_reg[15][5]
  Impl DFF        i:/WORK/SYS_TOP/REGISTER/Reg_File_reg[15][5]

  Ref  DFF        r:/WORK/SYS_TOP/REGISTER/Reg_File_reg[15][6]
  Impl DFF        i:/WORK/SYS_TOP/REGISTER/Reg_File_reg[15][6]

  Ref  DFF        r:/WORK/SYS_TOP/REGISTER/Reg_File_reg[15][7]
  Impl DFF        i:/WORK/SYS_TOP/REGISTER/Reg_File_reg[15][7]

  Ref  DFF        r:/WORK/SYS_TOP/REGISTER/Reg_File_reg[1][0]
  Impl DFF        i:/WORK/SYS_TOP/REGISTER/Reg_File_reg[1][0]

  Ref  DFF        r:/WORK/SYS_TOP/REGISTER/Reg_File_reg[1][1]
  Impl DFF        i:/WORK/SYS_TOP/REGISTER/Reg_File_reg[1][1]

  Ref  DFF        r:/WORK/SYS_TOP/REGISTER/Reg_File_reg[1][2]
  Impl DFF        i:/WORK/SYS_TOP/REGISTER/Reg_File_reg[1][2]

  Ref  DFF        r:/WORK/SYS_TOP/REGISTER/Reg_File_reg[1][3]
  Impl DFF        i:/WORK/SYS_TOP/REGISTER/Reg_File_reg[1][3]

  Ref  DFF        r:/WORK/SYS_TOP/REGISTER/Reg_File_reg[1][4]
  Impl DFF        i:/WORK/SYS_TOP/REGISTER/Reg_File_reg[1][4]

  Ref  DFF        r:/WORK/SYS_TOP/REGISTER/Reg_File_reg[1][5]
  Impl DFF        i:/WORK/SYS_TOP/REGISTER/Reg_File_reg[1][5]

  Ref  DFF        r:/WORK/SYS_TOP/REGISTER/Reg_File_reg[1][6]
  Impl DFF        i:/WORK/SYS_TOP/REGISTER/Reg_File_reg[1][6]

  Ref  DFF        r:/WORK/SYS_TOP/REGISTER/Reg_File_reg[1][7]
  Impl DFF        i:/WORK/SYS_TOP/REGISTER/Reg_File_reg[1][7]

  Ref  DFF        r:/WORK/SYS_TOP/REGISTER/Reg_File_reg[2][0]
  Impl DFF        i:/WORK/SYS_TOP/REGISTER/Reg_File_reg[2][0]

  Ref  DFF        r:/WORK/SYS_TOP/REGISTER/Reg_File_reg[2][1]
  Impl DFF        i:/WORK/SYS_TOP/REGISTER/Reg_File_reg[2][1]

  Ref  DFF        r:/WORK/SYS_TOP/REGISTER/Reg_File_reg[2][2]
  Impl DFF        i:/WORK/SYS_TOP/REGISTER/Reg_File_reg[2][2]

  Ref  DFF        r:/WORK/SYS_TOP/REGISTER/Reg_File_reg[2][3]
  Impl DFF        i:/WORK/SYS_TOP/REGISTER/Reg_File_reg[2][3]

  Ref  DFF        r:/WORK/SYS_TOP/REGISTER/Reg_File_reg[2][4]
  Impl DFF        i:/WORK/SYS_TOP/REGISTER/Reg_File_reg[2][4]

  Ref  DFF        r:/WORK/SYS_TOP/REGISTER/Reg_File_reg[2][5]
  Impl DFF        i:/WORK/SYS_TOP/REGISTER/Reg_File_reg[2][5]

  Ref  DFF        r:/WORK/SYS_TOP/REGISTER/Reg_File_reg[2][6]
  Impl DFF        i:/WORK/SYS_TOP/REGISTER/Reg_File_reg[2][6]

  Ref  DFF        r:/WORK/SYS_TOP/REGISTER/Reg_File_reg[2][7]
  Impl DFF        i:/WORK/SYS_TOP/REGISTER/Reg_File_reg[2][7]

  Ref  DFF        r:/WORK/SYS_TOP/REGISTER/Reg_File_reg[3][0]
  Impl DFF        i:/WORK/SYS_TOP/REGISTER/Reg_File_reg[3][0]

  Ref  DFF        r:/WORK/SYS_TOP/REGISTER/Reg_File_reg[3][1]
  Impl DFF        i:/WORK/SYS_TOP/REGISTER/Reg_File_reg[3][1]

  Ref  DFF        r:/WORK/SYS_TOP/REGISTER/Reg_File_reg[3][2]
  Impl DFF        i:/WORK/SYS_TOP/REGISTER/Reg_File_reg[3][2]

  Ref  DFF        r:/WORK/SYS_TOP/REGISTER/Reg_File_reg[3][3]
  Impl DFF        i:/WORK/SYS_TOP/REGISTER/Reg_File_reg[3][3]

  Ref  DFF        r:/WORK/SYS_TOP/REGISTER/Reg_File_reg[3][4]
  Impl DFF        i:/WORK/SYS_TOP/REGISTER/Reg_File_reg[3][4]

  Ref  DFF        r:/WORK/SYS_TOP/REGISTER/Reg_File_reg[3][5]
  Impl DFF        i:/WORK/SYS_TOP/REGISTER/Reg_File_reg[3][5]

  Ref  DFF        r:/WORK/SYS_TOP/REGISTER/Reg_File_reg[3][6]
  Impl DFF        i:/WORK/SYS_TOP/REGISTER/Reg_File_reg[3][6]

  Ref  DFF        r:/WORK/SYS_TOP/REGISTER/Reg_File_reg[3][7]
  Impl DFF        i:/WORK/SYS_TOP/REGISTER/Reg_File_reg[3][7]

  Ref  DFF        r:/WORK/SYS_TOP/REGISTER/Reg_File_reg[4][0]
  Impl DFF        i:/WORK/SYS_TOP/REGISTER/Reg_File_reg[4][0]

  Ref  DFF        r:/WORK/SYS_TOP/REGISTER/Reg_File_reg[4][1]
  Impl DFF        i:/WORK/SYS_TOP/REGISTER/Reg_File_reg[4][1]

  Ref  DFF        r:/WORK/SYS_TOP/REGISTER/Reg_File_reg[4][2]
  Impl DFF        i:/WORK/SYS_TOP/REGISTER/Reg_File_reg[4][2]

  Ref  DFF        r:/WORK/SYS_TOP/REGISTER/Reg_File_reg[4][3]
  Impl DFF        i:/WORK/SYS_TOP/REGISTER/Reg_File_reg[4][3]

  Ref  DFF        r:/WORK/SYS_TOP/REGISTER/Reg_File_reg[4][4]
  Impl DFF        i:/WORK/SYS_TOP/REGISTER/Reg_File_reg[4][4]

  Ref  DFF        r:/WORK/SYS_TOP/REGISTER/Reg_File_reg[4][5]
  Impl DFF        i:/WORK/SYS_TOP/REGISTER/Reg_File_reg[4][5]

  Ref  DFF        r:/WORK/SYS_TOP/REGISTER/Reg_File_reg[4][6]
  Impl DFF        i:/WORK/SYS_TOP/REGISTER/Reg_File_reg[4][6]

  Ref  DFF        r:/WORK/SYS_TOP/REGISTER/Reg_File_reg[4][7]
  Impl DFF        i:/WORK/SYS_TOP/REGISTER/Reg_File_reg[4][7]

  Ref  DFF        r:/WORK/SYS_TOP/REGISTER/Reg_File_reg[5][0]
  Impl DFF        i:/WORK/SYS_TOP/REGISTER/Reg_File_reg[5][0]

  Ref  DFF        r:/WORK/SYS_TOP/REGISTER/Reg_File_reg[5][1]
  Impl DFF        i:/WORK/SYS_TOP/REGISTER/Reg_File_reg[5][1]

  Ref  DFF        r:/WORK/SYS_TOP/REGISTER/Reg_File_reg[5][2]
  Impl DFF        i:/WORK/SYS_TOP/REGISTER/Reg_File_reg[5][2]

  Ref  DFF        r:/WORK/SYS_TOP/REGISTER/Reg_File_reg[5][3]
  Impl DFF        i:/WORK/SYS_TOP/REGISTER/Reg_File_reg[5][3]

  Ref  DFF        r:/WORK/SYS_TOP/REGISTER/Reg_File_reg[5][4]
  Impl DFF        i:/WORK/SYS_TOP/REGISTER/Reg_File_reg[5][4]

  Ref  DFF        r:/WORK/SYS_TOP/REGISTER/Reg_File_reg[5][5]
  Impl DFF        i:/WORK/SYS_TOP/REGISTER/Reg_File_reg[5][5]

  Ref  DFF        r:/WORK/SYS_TOP/REGISTER/Reg_File_reg[5][6]
  Impl DFF        i:/WORK/SYS_TOP/REGISTER/Reg_File_reg[5][6]

  Ref  DFF        r:/WORK/SYS_TOP/REGISTER/Reg_File_reg[5][7]
  Impl DFF        i:/WORK/SYS_TOP/REGISTER/Reg_File_reg[5][7]

  Ref  DFF        r:/WORK/SYS_TOP/REGISTER/Reg_File_reg[6][0]
  Impl DFF        i:/WORK/SYS_TOP/REGISTER/Reg_File_reg[6][0]

  Ref  DFF        r:/WORK/SYS_TOP/REGISTER/Reg_File_reg[6][1]
  Impl DFF        i:/WORK/SYS_TOP/REGISTER/Reg_File_reg[6][1]

  Ref  DFF        r:/WORK/SYS_TOP/REGISTER/Reg_File_reg[6][2]
  Impl DFF        i:/WORK/SYS_TOP/REGISTER/Reg_File_reg[6][2]

  Ref  DFF        r:/WORK/SYS_TOP/REGISTER/Reg_File_reg[6][3]
  Impl DFF        i:/WORK/SYS_TOP/REGISTER/Reg_File_reg[6][3]

  Ref  DFF        r:/WORK/SYS_TOP/REGISTER/Reg_File_reg[6][4]
  Impl DFF        i:/WORK/SYS_TOP/REGISTER/Reg_File_reg[6][4]

  Ref  DFF        r:/WORK/SYS_TOP/REGISTER/Reg_File_reg[6][5]
  Impl DFF        i:/WORK/SYS_TOP/REGISTER/Reg_File_reg[6][5]

  Ref  DFF        r:/WORK/SYS_TOP/REGISTER/Reg_File_reg[6][6]
  Impl DFF        i:/WORK/SYS_TOP/REGISTER/Reg_File_reg[6][6]

  Ref  DFF        r:/WORK/SYS_TOP/REGISTER/Reg_File_reg[6][7]
  Impl DFF        i:/WORK/SYS_TOP/REGISTER/Reg_File_reg[6][7]

  Ref  DFF        r:/WORK/SYS_TOP/REGISTER/Reg_File_reg[7][0]
  Impl DFF        i:/WORK/SYS_TOP/REGISTER/Reg_File_reg[7][0]

  Ref  DFF        r:/WORK/SYS_TOP/REGISTER/Reg_File_reg[7][1]
  Impl DFF        i:/WORK/SYS_TOP/REGISTER/Reg_File_reg[7][1]

  Ref  DFF        r:/WORK/SYS_TOP/REGISTER/Reg_File_reg[7][2]
  Impl DFF        i:/WORK/SYS_TOP/REGISTER/Reg_File_reg[7][2]

  Ref  DFF        r:/WORK/SYS_TOP/REGISTER/Reg_File_reg[7][3]
  Impl DFF        i:/WORK/SYS_TOP/REGISTER/Reg_File_reg[7][3]

  Ref  DFF        r:/WORK/SYS_TOP/REGISTER/Reg_File_reg[7][4]
  Impl DFF        i:/WORK/SYS_TOP/REGISTER/Reg_File_reg[7][4]

  Ref  DFF        r:/WORK/SYS_TOP/REGISTER/Reg_File_reg[7][5]
  Impl DFF        i:/WORK/SYS_TOP/REGISTER/Reg_File_reg[7][5]

  Ref  DFF        r:/WORK/SYS_TOP/REGISTER/Reg_File_reg[7][6]
  Impl DFF        i:/WORK/SYS_TOP/REGISTER/Reg_File_reg[7][6]

  Ref  DFF        r:/WORK/SYS_TOP/REGISTER/Reg_File_reg[7][7]
  Impl DFF        i:/WORK/SYS_TOP/REGISTER/Reg_File_reg[7][7]

  Ref  DFF        r:/WORK/SYS_TOP/REGISTER/Reg_File_reg[8][0]
  Impl DFF        i:/WORK/SYS_TOP/REGISTER/Reg_File_reg[8][0]

  Ref  DFF        r:/WORK/SYS_TOP/REGISTER/Reg_File_reg[8][1]
  Impl DFF        i:/WORK/SYS_TOP/REGISTER/Reg_File_reg[8][1]

  Ref  DFF        r:/WORK/SYS_TOP/REGISTER/Reg_File_reg[8][2]
  Impl DFF        i:/WORK/SYS_TOP/REGISTER/Reg_File_reg[8][2]

  Ref  DFF        r:/WORK/SYS_TOP/REGISTER/Reg_File_reg[8][3]
  Impl DFF        i:/WORK/SYS_TOP/REGISTER/Reg_File_reg[8][3]

  Ref  DFF        r:/WORK/SYS_TOP/REGISTER/Reg_File_reg[8][4]
  Impl DFF        i:/WORK/SYS_TOP/REGISTER/Reg_File_reg[8][4]

  Ref  DFF        r:/WORK/SYS_TOP/REGISTER/Reg_File_reg[8][5]
  Impl DFF        i:/WORK/SYS_TOP/REGISTER/Reg_File_reg[8][5]

  Ref  DFF        r:/WORK/SYS_TOP/REGISTER/Reg_File_reg[8][6]
  Impl DFF        i:/WORK/SYS_TOP/REGISTER/Reg_File_reg[8][6]

  Ref  DFF        r:/WORK/SYS_TOP/REGISTER/Reg_File_reg[8][7]
  Impl DFF        i:/WORK/SYS_TOP/REGISTER/Reg_File_reg[8][7]

  Ref  DFF        r:/WORK/SYS_TOP/REGISTER/Reg_File_reg[9][0]
  Impl DFF        i:/WORK/SYS_TOP/REGISTER/Reg_File_reg[9][0]

  Ref  DFF        r:/WORK/SYS_TOP/REGISTER/Reg_File_reg[9][1]
  Impl DFF        i:/WORK/SYS_TOP/REGISTER/Reg_File_reg[9][1]

  Ref  DFF        r:/WORK/SYS_TOP/REGISTER/Reg_File_reg[9][2]
  Impl DFF        i:/WORK/SYS_TOP/REGISTER/Reg_File_reg[9][2]

  Ref  DFF        r:/WORK/SYS_TOP/REGISTER/Reg_File_reg[9][3]
  Impl DFF        i:/WORK/SYS_TOP/REGISTER/Reg_File_reg[9][3]

  Ref  DFF        r:/WORK/SYS_TOP/REGISTER/Reg_File_reg[9][4]
  Impl DFF        i:/WORK/SYS_TOP/REGISTER/Reg_File_reg[9][4]

  Ref  DFF        r:/WORK/SYS_TOP/REGISTER/Reg_File_reg[9][5]
  Impl DFF        i:/WORK/SYS_TOP/REGISTER/Reg_File_reg[9][5]

  Ref  DFF        r:/WORK/SYS_TOP/REGISTER/Reg_File_reg[9][6]
  Impl DFF        i:/WORK/SYS_TOP/REGISTER/Reg_File_reg[9][6]

  Ref  DFF        r:/WORK/SYS_TOP/REGISTER/Reg_File_reg[9][7]
  Impl DFF        i:/WORK/SYS_TOP/REGISTER/Reg_File_reg[9][7]

  Ref  DFF        r:/WORK/SYS_TOP/RSTSYNC1/sync_reg_reg[0]
  Impl DFF        i:/WORK/SYS_TOP/RSTSYNC1/sync_reg_reg[0]

  Ref  DFF        r:/WORK/SYS_TOP/RSTSYNC1/sync_reg_reg[1]
  Impl DFF        i:/WORK/SYS_TOP/RSTSYNC1/sync_reg_reg[1]

  Ref  DFF        r:/WORK/SYS_TOP/RSTSYNC2/sync_reg_reg[0]
  Impl DFF        i:/WORK/SYS_TOP/RSTSYNC2/sync_reg_reg[0]

  Ref  DFF        r:/WORK/SYS_TOP/RSTSYNC2/sync_reg_reg[1]
  Impl DFF        i:/WORK/SYS_TOP/RSTSYNC2/sync_reg_reg[1]

  Ref  DFF        r:/WORK/SYS_TOP/RX/DUT1/current_state_reg[0]
  Impl DFF        i:/WORK/SYS_TOP/RX/DUT1/current_state_reg[0]

  Ref  DFF        r:/WORK/SYS_TOP/RX/DUT1/current_state_reg[1]
  Impl DFF        i:/WORK/SYS_TOP/RX/DUT1/current_state_reg[1]

  Ref  DFF        r:/WORK/SYS_TOP/RX/DUT1/current_state_reg[2]
  Impl DFF        i:/WORK/SYS_TOP/RX/DUT1/current_state_reg[2]

  Ref  DFF        r:/WORK/SYS_TOP/RX/DUT2/bit_cnt_reg[0]
  Impl DFF        i:/WORK/SYS_TOP/RX/DUT2/bit_cnt_reg[0]

  Ref  DFF        r:/WORK/SYS_TOP/RX/DUT2/bit_cnt_reg[1]
  Impl DFF        i:/WORK/SYS_TOP/RX/DUT2/bit_cnt_reg[1]

  Ref  DFF        r:/WORK/SYS_TOP/RX/DUT2/bit_cnt_reg[2]
  Impl DFF        i:/WORK/SYS_TOP/RX/DUT2/bit_cnt_reg[2]

  Ref  DFF        r:/WORK/SYS_TOP/RX/DUT2/bit_cnt_reg[3]
  Impl DFF        i:/WORK/SYS_TOP/RX/DUT2/bit_cnt_reg[3]

  Ref  DFF        r:/WORK/SYS_TOP/RX/DUT2/edge_cnt_reg[0]
  Impl DFF        i:/WORK/SYS_TOP/RX/DUT2/edge_cnt_reg[0]

  Ref  DFF        r:/WORK/SYS_TOP/RX/DUT2/edge_cnt_reg[1]
  Impl DFF        i:/WORK/SYS_TOP/RX/DUT2/edge_cnt_reg[1]

  Ref  DFF        r:/WORK/SYS_TOP/RX/DUT2/edge_cnt_reg[2]
  Impl DFF        i:/WORK/SYS_TOP/RX/DUT2/edge_cnt_reg[2]

  Ref  DFF        r:/WORK/SYS_TOP/RX/DUT2/edge_cnt_reg[3]
  Impl DFF        i:/WORK/SYS_TOP/RX/DUT2/edge_cnt_reg[3]

  Ref  DFF        r:/WORK/SYS_TOP/RX/DUT2/edge_cnt_reg[4]
  Impl DFF        i:/WORK/SYS_TOP/RX/DUT2/edge_cnt_reg[4]

  Ref  DFF        r:/WORK/SYS_TOP/RX/DUT3/majority_reg[0]
  Impl DFF        i:/WORK/SYS_TOP/RX/DUT3/majority_reg[0]

  Ref  DFF        r:/WORK/SYS_TOP/RX/DUT3/majority_reg[1]
  Impl DFF        i:/WORK/SYS_TOP/RX/DUT3/majority_reg[1]

  Ref  DFF        r:/WORK/SYS_TOP/RX/DUT3/sampled_bit_reg
  Impl DFF        i:/WORK/SYS_TOP/RX/DUT3/sampled_bit_reg

  Ref  DFF        r:/WORK/SYS_TOP/RX/DUT4/expected_parity_reg
  Impl DFF        i:/WORK/SYS_TOP/RX/DUT4/expected_parity_reg

  Ref  DFF        r:/WORK/SYS_TOP/RX/DUT4/par_err_reg
  Impl DFF        i:/WORK/SYS_TOP/RX/DUT4/par_err_reg

  Ref  DFF        r:/WORK/SYS_TOP/RX/DUT5/P_DATA_reg[0]
  Impl DFF        i:/WORK/SYS_TOP/RX/DUT5/P_DATA_reg[0]

  Ref  DFF        r:/WORK/SYS_TOP/RX/DUT5/P_DATA_reg[1]
  Impl DFF        i:/WORK/SYS_TOP/RX/DUT5/P_DATA_reg[1]

  Ref  DFF        r:/WORK/SYS_TOP/RX/DUT5/P_DATA_reg[2]
  Impl DFF        i:/WORK/SYS_TOP/RX/DUT5/P_DATA_reg[2]

  Ref  DFF        r:/WORK/SYS_TOP/RX/DUT5/P_DATA_reg[3]
  Impl DFF        i:/WORK/SYS_TOP/RX/DUT5/P_DATA_reg[3]

  Ref  DFF        r:/WORK/SYS_TOP/RX/DUT5/P_DATA_reg[4]
  Impl DFF        i:/WORK/SYS_TOP/RX/DUT5/P_DATA_reg[4]

  Ref  DFF        r:/WORK/SYS_TOP/RX/DUT5/P_DATA_reg[5]
  Impl DFF        i:/WORK/SYS_TOP/RX/DUT5/P_DATA_reg[5]

  Ref  DFF        r:/WORK/SYS_TOP/RX/DUT5/P_DATA_reg[6]
  Impl DFF        i:/WORK/SYS_TOP/RX/DUT5/P_DATA_reg[6]

  Ref  DFF        r:/WORK/SYS_TOP/RX/DUT5/P_DATA_reg[7]
  Impl DFF        i:/WORK/SYS_TOP/RX/DUT5/P_DATA_reg[7]

  Ref  DFF        r:/WORK/SYS_TOP/RX/DUT5/i_reg[0]
  Impl DFF        i:/WORK/SYS_TOP/RX/DUT5/i_reg[0]

  Ref  DFF        r:/WORK/SYS_TOP/RX/DUT5/i_reg[1]
  Impl DFF        i:/WORK/SYS_TOP/RX/DUT5/i_reg[1]

  Ref  DFF        r:/WORK/SYS_TOP/RX/DUT5/i_reg[2]
  Impl DFF        i:/WORK/SYS_TOP/RX/DUT5/i_reg[2]

  Ref  DFF        r:/WORK/SYS_TOP/RX/DUT6/strt_glitch_reg
  Impl DFF        i:/WORK/SYS_TOP/RX/DUT6/strt_glitch_reg

  Ref  DFF        r:/WORK/SYS_TOP/RX/DUT7/stp_err_reg
  Impl DFF        i:/WORK/SYS_TOP/RX/DUT7/stp_err_reg

  Ref  DFF        r:/WORK/SYS_TOP/TX/DUT1/COUNT_reg[0]
  Impl DFF        i:/WORK/SYS_TOP/TX/DUT1/COUNT_reg[0]

  Ref  DFF        r:/WORK/SYS_TOP/TX/DUT1/COUNT_reg[1]
  Impl DFF        i:/WORK/SYS_TOP/TX/DUT1/COUNT_reg[1]

  Ref  DFF        r:/WORK/SYS_TOP/TX/DUT1/COUNT_reg[2]
  Impl DFF        i:/WORK/SYS_TOP/TX/DUT1/COUNT_reg[2]

  Ref  DFF        r:/WORK/SYS_TOP/TX/DUT1/SER_DATA_reg
  Impl DFF        i:/WORK/SYS_TOP/TX/DUT1/SER_DATA_reg

  Ref  DFF        r:/WORK/SYS_TOP/TX/DUT1/SER_DONE_reg
  Impl DFF        i:/WORK/SYS_TOP/TX/DUT1/SER_DONE_reg

  Ref  DFF        r:/WORK/SYS_TOP/TX/DUT1/S_DATA_reg[0]
  Impl DFF        i:/WORK/SYS_TOP/TX/DUT1/S_DATA_reg[0]

  Ref  DFF        r:/WORK/SYS_TOP/TX/DUT1/S_DATA_reg[1]
  Impl DFF        i:/WORK/SYS_TOP/TX/DUT1/S_DATA_reg[1]

  Ref  DFF        r:/WORK/SYS_TOP/TX/DUT1/S_DATA_reg[2]
  Impl DFF        i:/WORK/SYS_TOP/TX/DUT1/S_DATA_reg[2]

  Ref  DFF        r:/WORK/SYS_TOP/TX/DUT1/S_DATA_reg[3]
  Impl DFF        i:/WORK/SYS_TOP/TX/DUT1/S_DATA_reg[3]

  Ref  DFF        r:/WORK/SYS_TOP/TX/DUT1/S_DATA_reg[4]
  Impl DFF        i:/WORK/SYS_TOP/TX/DUT1/S_DATA_reg[4]

  Ref  DFF        r:/WORK/SYS_TOP/TX/DUT1/S_DATA_reg[5]
  Impl DFF        i:/WORK/SYS_TOP/TX/DUT1/S_DATA_reg[5]

  Ref  DFF        r:/WORK/SYS_TOP/TX/DUT1/S_DATA_reg[6]
  Impl DFF        i:/WORK/SYS_TOP/TX/DUT1/S_DATA_reg[6]

  Ref  DFF        r:/WORK/SYS_TOP/TX/DUT2/current_state_reg[0]
  Impl DFF        i:/WORK/SYS_TOP/TX/DUT2/current_state_reg[0]

  Ref  DFF        r:/WORK/SYS_TOP/TX/DUT2/current_state_reg[1]
  Impl DFF        i:/WORK/SYS_TOP/TX/DUT2/current_state_reg[1]

  Ref  DFF        r:/WORK/SYS_TOP/TX/DUT2/current_state_reg[2]
  Impl DFF        i:/WORK/SYS_TOP/TX/DUT2/current_state_reg[2]

  Ref  DFF        r:/WORK/SYS_TOP/TX/DUT3/par_bit_reg
  Impl DFF        i:/WORK/SYS_TOP/TX/DUT3/par_bit_reg

  Ref  DFF        r:/WORK/SYS_TOP/U_system_control/RX_D_VLD_delayed_reg
  Impl DFF        i:/WORK/SYS_TOP/U_system_control/RX_D_VLD_delayed_reg

  Ref  DFF        r:/WORK/SYS_TOP/U_system_control/TX_P_DATA_store_reg[0]
  Impl DFF        i:/WORK/SYS_TOP/U_system_control/TX_P_DATA_store_reg[0]

  Ref  DFF        r:/WORK/SYS_TOP/U_system_control/TX_P_DATA_store_reg[1]
  Impl DFF        i:/WORK/SYS_TOP/U_system_control/TX_P_DATA_store_reg[1]

  Ref  DFF        r:/WORK/SYS_TOP/U_system_control/TX_P_DATA_store_reg[2]
  Impl DFF        i:/WORK/SYS_TOP/U_system_control/TX_P_DATA_store_reg[2]

  Ref  DFF        r:/WORK/SYS_TOP/U_system_control/TX_P_DATA_store_reg[3]
  Impl DFF        i:/WORK/SYS_TOP/U_system_control/TX_P_DATA_store_reg[3]

  Ref  DFF        r:/WORK/SYS_TOP/U_system_control/TX_P_DATA_store_reg[4]
  Impl DFF        i:/WORK/SYS_TOP/U_system_control/TX_P_DATA_store_reg[4]

  Ref  DFF        r:/WORK/SYS_TOP/U_system_control/TX_P_DATA_store_reg[5]
  Impl DFF        i:/WORK/SYS_TOP/U_system_control/TX_P_DATA_store_reg[5]

  Ref  DFF        r:/WORK/SYS_TOP/U_system_control/TX_P_DATA_store_reg[6]
  Impl DFF        i:/WORK/SYS_TOP/U_system_control/TX_P_DATA_store_reg[6]

  Ref  DFF        r:/WORK/SYS_TOP/U_system_control/TX_P_DATA_store_reg[7]
  Impl DFF        i:/WORK/SYS_TOP/U_system_control/TX_P_DATA_store_reg[7]

  Ref  DFF        r:/WORK/SYS_TOP/U_system_control/current_state_reg[0]
  Impl DFF        i:/WORK/SYS_TOP/U_system_control/current_state_reg[0]

  Ref  DFF        r:/WORK/SYS_TOP/U_system_control/current_state_reg[1]
  Impl DFF        i:/WORK/SYS_TOP/U_system_control/current_state_reg[1]

  Ref  DFF        r:/WORK/SYS_TOP/U_system_control/current_state_reg[2]
  Impl DFF        i:/WORK/SYS_TOP/U_system_control/current_state_reg[2]

  Ref  DFF        r:/WORK/SYS_TOP/U_system_control/current_state_reg[3]
  Impl DFF        i:/WORK/SYS_TOP/U_system_control/current_state_reg[3]

  Ref  DFF        r:/WORK/SYS_TOP/U_system_control/store_ALU_OUT_reg[10]
  Impl DFF        i:/WORK/SYS_TOP/U_system_control/store_ALU_OUT_reg[10]

  Ref  DFF        r:/WORK/SYS_TOP/U_system_control/store_ALU_OUT_reg[11]
  Impl DFF        i:/WORK/SYS_TOP/U_system_control/store_ALU_OUT_reg[11]

  Ref  DFF        r:/WORK/SYS_TOP/U_system_control/store_ALU_OUT_reg[12]
  Impl DFF        i:/WORK/SYS_TOP/U_system_control/store_ALU_OUT_reg[12]

  Ref  DFF        r:/WORK/SYS_TOP/U_system_control/store_ALU_OUT_reg[13]
  Impl DFF        i:/WORK/SYS_TOP/U_system_control/store_ALU_OUT_reg[13]

  Ref  DFF        r:/WORK/SYS_TOP/U_system_control/store_ALU_OUT_reg[14]
  Impl DFF        i:/WORK/SYS_TOP/U_system_control/store_ALU_OUT_reg[14]

  Ref  DFF        r:/WORK/SYS_TOP/U_system_control/store_ALU_OUT_reg[15]
  Impl DFF        i:/WORK/SYS_TOP/U_system_control/store_ALU_OUT_reg[15]

  Ref  DFF        r:/WORK/SYS_TOP/U_system_control/store_ALU_OUT_reg[8]
  Impl DFF        i:/WORK/SYS_TOP/U_system_control/store_ALU_OUT_reg[8]

  Ref  DFF        r:/WORK/SYS_TOP/U_system_control/store_ALU_OUT_reg[9]
  Impl DFF        i:/WORK/SYS_TOP/U_system_control/store_ALU_OUT_reg[9]

  Ref  DFF        r:/WORK/SYS_TOP/U_system_control/storeadd_reg[0]
  Impl DFF        i:/WORK/SYS_TOP/U_system_control/storeadd_reg[0]

  Ref  DFF        r:/WORK/SYS_TOP/U_system_control/storeadd_reg[1]
  Impl DFF        i:/WORK/SYS_TOP/U_system_control/storeadd_reg[1]

  Ref  DFF        r:/WORK/SYS_TOP/U_system_control/storeadd_reg[2]
  Impl DFF        i:/WORK/SYS_TOP/U_system_control/storeadd_reg[2]

  Ref  DFF        r:/WORK/SYS_TOP/U_system_control/storeadd_reg[3]
  Impl DFF        i:/WORK/SYS_TOP/U_system_control/storeadd_reg[3]

  Ref  DFF        r:/WORK/SYS_TOP/clock_divider_RX/counter_reg[0]
  Impl DFF        i:/WORK/SYS_TOP/clock_divider_RX/counter_reg[0]

  Ref  DFF        r:/WORK/SYS_TOP/clock_divider_RX/counter_reg[1]
  Impl DFF        i:/WORK/SYS_TOP/clock_divider_RX/counter_reg[1]

  Ref  DFF        r:/WORK/SYS_TOP/clock_divider_RX/counter_reg[2]
  Impl DFF        i:/WORK/SYS_TOP/clock_divider_RX/counter_reg[2]

  Ref  DFF        r:/WORK/SYS_TOP/clock_divider_RX/counter_reg[3]
  Impl DFF        i:/WORK/SYS_TOP/clock_divider_RX/counter_reg[3]

  Ref  DFF        r:/WORK/SYS_TOP/clock_divider_RX/counter_reg[4]
  Impl DFF        i:/WORK/SYS_TOP/clock_divider_RX/counter_reg[4]

  Ref  DFF        r:/WORK/SYS_TOP/clock_divider_RX/counter_reg[5]
  Impl DFF        i:/WORK/SYS_TOP/clock_divider_RX/counter_reg[5]

  Ref  DFF        r:/WORK/SYS_TOP/clock_divider_RX/counter_reg[6]
  Impl DFF        i:/WORK/SYS_TOP/clock_divider_RX/counter_reg[6]

  Ref  DFF        r:/WORK/SYS_TOP/clock_divider_RX/counter_reg[7]
  Impl DFF        i:/WORK/SYS_TOP/clock_divider_RX/counter_reg[7]

  Ref  DFF        r:/WORK/SYS_TOP/clock_divider_RX/div_clk_reg
  Impl DFF        i:/WORK/SYS_TOP/clock_divider_RX/div_clk_reg

  Ref  DFF        r:/WORK/SYS_TOP/clock_divider_RX/flag_reg
  Impl DFF        i:/WORK/SYS_TOP/clock_divider_RX/flag_reg

  Ref  DFF        r:/WORK/SYS_TOP/clock_divider_TX/counter_reg[0]
  Impl DFF        i:/WORK/SYS_TOP/clock_divider_TX/counter_reg[0]

  Ref  DFF        r:/WORK/SYS_TOP/clock_divider_TX/counter_reg[1]
  Impl DFF        i:/WORK/SYS_TOP/clock_divider_TX/counter_reg[1]

  Ref  DFF        r:/WORK/SYS_TOP/clock_divider_TX/counter_reg[2]
  Impl DFF        i:/WORK/SYS_TOP/clock_divider_TX/counter_reg[2]

  Ref  DFF        r:/WORK/SYS_TOP/clock_divider_TX/counter_reg[3]
  Impl DFF        i:/WORK/SYS_TOP/clock_divider_TX/counter_reg[3]

  Ref  DFF        r:/WORK/SYS_TOP/clock_divider_TX/counter_reg[4]
  Impl DFF        i:/WORK/SYS_TOP/clock_divider_TX/counter_reg[4]

  Ref  DFF        r:/WORK/SYS_TOP/clock_divider_TX/counter_reg[5]
  Impl DFF        i:/WORK/SYS_TOP/clock_divider_TX/counter_reg[5]

  Ref  DFF        r:/WORK/SYS_TOP/clock_divider_TX/counter_reg[6]
  Impl DFF        i:/WORK/SYS_TOP/clock_divider_TX/counter_reg[6]

  Ref  DFF        r:/WORK/SYS_TOP/clock_divider_TX/counter_reg[7]
  Impl DFF        i:/WORK/SYS_TOP/clock_divider_TX/counter_reg[7]

  Ref  DFF        r:/WORK/SYS_TOP/clock_divider_TX/div_clk_reg
  Impl DFF        i:/WORK/SYS_TOP/clock_divider_TX/div_clk_reg

  Ref  DFF        r:/WORK/SYS_TOP/clock_divider_TX/flag_reg
  Impl DFF        i:/WORK/SYS_TOP/clock_divider_TX/flag_reg

  Ref  DFF        r:/WORK/SYS_TOP/pulse_gen/pls_flop_reg
  Impl DFF        i:/WORK/SYS_TOP/pulse_gen/pls_flop_reg

  Ref  DFF        r:/WORK/SYS_TOP/pulse_gen/rcv_flop_reg
  Impl DFF        i:/WORK/SYS_TOP/pulse_gen/rcv_flop_reg

  Ref  Port       r:/WORK/SYS_TOP/UART_TX_O
  Impl Port       i:/WORK/SYS_TOP/UART_TX_O

  Ref  Port       r:/WORK/SYS_TOP/framing_error
  Impl Port       i:/WORK/SYS_TOP/framing_error

  Ref  Port       r:/WORK/SYS_TOP/parity_error
  Impl Port       i:/WORK/SYS_TOP/parity_error

 [BBNet: multiply-driven net
  BBPin: black-box pin
  Cut:   cut-point
  DFF:   non-constant DFF register
  DFF0:  constant 0 DFF register
  DFF1:  constant 1 DFF register
  DFFX:  constant X DFF register
  DFF0X: constrained 0X DFF register
  DFF1X: constrained 1X DFF register
  LAT:   non-constant latch register
  LAT0:  constant 0 latch register
  LAT1:  constant 1 latch register
  LATX:  constant X latch register
  LAT0X: constrained 0X latch register
  LAT1X: constrained 1X latch register
  LATCG: clock-gating latch register
  TLA:   transparent latch register
  TLA0X: transparent constrained 0X latch register
  TLA1X: transparent constrained 1X latch register
  Loop:  cycle break point
  Port:  primary (top-level) port
  Und:   undriven signal cut-point
  Unk:   unknown signal cut-point]

1
