
                                 Formality (R)

               Version L-2016.03-SP1 for linux64 - Apr 13, 2016 

                    Copyright (c) 1988 - 2016 Synopsys, Inc.
   This software and the associated documentation are proprietary to Synopsys,
 Inc. This software may only be used in accordance with the terms and conditions
 of a written license agreement with Synopsys, Inc. All other use, reproduction,
            or distribution of this software is strictly prohibited.

  ** Highlights of Formality (R) Version L-2016.03 **
   - New alternate verification strategies for resolving inconclusive verifications
   - Automation for deploying alternate strategies
   - New command to export the mapping of reference to implementation registers
   - New capability to combine PG and low power information from db libraries with Verilog functional models

   * Please refer to the Formality Release Notes for details and additional enhancements

Build: 4031317
Hostname: IC (RHEL64)
Current time: Wed Oct  1 21:12:45 2025

Loading db file '/opt/Synopsys/Formality2016/libraries/syn/gtech.db'
########################### Define Top Module ############################
set top_module SYS_TOP
SYS_TOP
######################### Formality Setup File ###########################
set synopsys_auto_setup true
true
set verification_verify_directly_undriven_output false
false
set_svf "/home/IC/Labs/System/Backend/DFT/SYS_TOP.svf"
SVF set to '/home/IC/Labs/System/Backend/DFT/SYS_TOP.svf'.
1
set SSLIB "/home/IC/tsmc_fb_cl013g_sc/aci/sc-m/synopsys/scmetro_tsmc_cl013g_rvt_ss_1p08v_125c.db"
/home/IC/tsmc_fb_cl013g_sc/aci/sc-m/synopsys/scmetro_tsmc_cl013g_rvt_ss_1p08v_125c.db
set TTLIB "/home/IC/tsmc_fb_cl013g_sc/aci/sc-m/synopsys/scmetro_tsmc_cl013g_rvt_tt_1p2v_25c.db"
/home/IC/tsmc_fb_cl013g_sc/aci/sc-m/synopsys/scmetro_tsmc_cl013g_rvt_tt_1p2v_25c.db
set FFLIB "/home/IC/tsmc_fb_cl013g_sc/aci/sc-m/synopsys/scmetro_tsmc_cl013g_rvt_ff_1p32v_m40c.db"
/home/IC/tsmc_fb_cl013g_sc/aci/sc-m/synopsys/scmetro_tsmc_cl013g_rvt_ff_1p32v_m40c.db
read_db -container r [list $SSLIB $TTLIB $FFLIB]
Loading db file '/home/IC/tsmc_fb_cl013g_sc/aci/sc-m/synopsys/scmetro_tsmc_cl013g_rvt_ss_1p08v_125c.db'
Current container set to 'r'
Loading db file '/home/IC/tsmc_fb_cl013g_sc/aci/sc-m/synopsys/scmetro_tsmc_cl013g_rvt_tt_1p2v_25c.db'
Loading db file '/home/IC/tsmc_fb_cl013g_sc/aci/sc-m/synopsys/scmetro_tsmc_cl013g_rvt_ff_1p32v_m40c.db'
1
###################################################################
###################### Reference Container ########################
###################################################################
# Read Reference Design Verilog Files
# Verilog sources
read_verilog -container r "/home/IC/Labs/System/RTL/ALU/ALU_16B.v"
No target library specified, default is WORK
Initializing DesignWare ...
Initialization Complete
Loading verilog file '/home/IC/Labs/System/RTL/ALU/ALU_16B.v'
1
read_verilog -container r "/home/IC/Labs/System/RTL/UART/UART_RX/edge_bit_counter.v"
No target library specified, default is WORK
Loading verilog file '/home/IC/Labs/System/RTL/UART/UART_RX/edge_bit_counter.v'
1
read_verilog -container r "/home/IC/Labs/System/RTL/CLKDIV_MUX/Prescale_MUX.v"
No target library specified, default is WORK
Loading verilog file '/home/IC/Labs/System/RTL/CLKDIV_MUX/Prescale_MUX.v'
1
read_verilog -container r "/home/IC/Labs/System/RTL/UART/UART_RX/Uart_Rx_Top.v"
No target library specified, default is WORK
Loading verilog file '/home/IC/Labs/System/RTL/UART/UART_RX/Uart_Rx_Top.v'
1
read_verilog -container r "/home/IC/Labs/System/RTL/UART/UART_TX/UART_TX_TOP.v"
No target library specified, default is WORK
Loading verilog file '/home/IC/Labs/System/RTL/UART/UART_TX/UART_TX_TOP.v'
1
read_verilog -container r "/home/IC/Labs/System/RTL/PULSE_GEN/Pulse_Gen.v"
No target library specified, default is WORK
Loading verilog file '/home/IC/Labs/System/RTL/PULSE_GEN/Pulse_Gen.v'
1
read_verilog -container r "/home/IC/Labs/System/RTL/ASYNC_FIFO/FIFO_MEM_CNTRL.v"
No target library specified, default is WORK
Loading verilog file '/home/IC/Labs/System/RTL/ASYNC_FIFO/FIFO_MEM_CNTRL.v'
1
read_verilog -container r "/home/IC/Labs/System/RTL/ASYNC_FIFO/ASYNC_FIFO.v"
No target library specified, default is WORK
Loading verilog file '/home/IC/Labs/System/RTL/ASYNC_FIFO/ASYNC_FIFO.v'
1
read_verilog -container r "/home/IC/Labs/System/RTL/RegFile/Register_file8_16.v"
No target library specified, default is WORK
Loading verilog file '/home/IC/Labs/System/RTL/RegFile/Register_file8_16.v'
1
read_verilog -container r "/home/IC/Labs/System/RTL/ASYNC_FIFO/FIFO_RD.v"
No target library specified, default is WORK
Loading verilog file '/home/IC/Labs/System/RTL/ASYNC_FIFO/FIFO_RD.v'
1
read_verilog -container r "/home/IC/Labs/System/RTL/Clock_Divider/ClkDiv.v"
No target library specified, default is WORK
Loading verilog file '/home/IC/Labs/System/RTL/Clock_Divider/ClkDiv.v'
1
read_verilog -container r "/home/IC/Labs/System/RTL/RST_SYNC/RST_SYNC.v"
No target library specified, default is WORK
Loading verilog file '/home/IC/Labs/System/RTL/RST_SYNC/RST_SYNC.v'
1
read_verilog -container r "/home/IC/Labs/System/RTL/ASYNC_FIFO/FIFO_WR.v"
No target library specified, default is WORK
Loading verilog file '/home/IC/Labs/System/RTL/ASYNC_FIFO/FIFO_WR.v'
1
read_verilog -container r "/home/IC/Labs/System/RTL/Clock_Gating/CLK_GATE.v"
No target library specified, default is WORK
Loading verilog file '/home/IC/Labs/System/RTL/Clock_Gating/CLK_GATE.v'
1
read_verilog -container r "/home/IC/Labs/System/RTL/UART/UART_TX/Serializer.v"
No target library specified, default is WORK
Loading verilog file '/home/IC/Labs/System/RTL/UART/UART_TX/Serializer.v'
1
read_verilog -container r "/home/IC/Labs/System/RTL/UART/UART_RX/data_sampling.v"
No target library specified, default is WORK
Loading verilog file '/home/IC/Labs/System/RTL/UART/UART_RX/data_sampling.v'
1
read_verilog -container r "/home/IC/Labs/System/RTL/UART/UART_RX/stop_check.v"
No target library specified, default is WORK
Loading verilog file '/home/IC/Labs/System/RTL/UART/UART_RX/stop_check.v'
1
read_verilog -container r "/home/IC/Labs/System/RTL/DATA_SYNC/DATA_SYNC.v"
No target library specified, default is WORK
Loading verilog file '/home/IC/Labs/System/RTL/DATA_SYNC/DATA_SYNC.v'
1
read_verilog -container r "/home/IC/Labs/System/RTL/UART/UART_RX/strt_check.v"
No target library specified, default is WORK
Loading verilog file '/home/IC/Labs/System/RTL/UART/UART_RX/strt_check.v'
1
read_verilog -container r "/home/IC/Labs/System/RTL/UART/UART_TX/Mux_TX.v"
No target library specified, default is WORK
Loading verilog file '/home/IC/Labs/System/RTL/UART/UART_TX/Mux_TX.v'
1
read_verilog -container r "/home/IC/Labs/System/RTL/UART/UART_RX/deserializer.v"
No target library specified, default is WORK
Loading verilog file '/home/IC/Labs/System/RTL/UART/UART_RX/deserializer.v'
1
read_verilog -container r "/home/IC/Labs/System/RTL/ASYNC_FIFO/DF_SYNC.v"
No target library specified, default is WORK
Loading verilog file '/home/IC/Labs/System/RTL/ASYNC_FIFO/DF_SYNC.v'
1
read_verilog -container r "/home/IC/Labs/System/RTL/UART/UART_TX/parity_calc.v"
No target library specified, default is WORK
Loading verilog file '/home/IC/Labs/System/RTL/UART/UART_TX/parity_calc.v'
1
read_verilog -container r "/home/IC/Labs/System/RTL/UART/UART_RX/parity_check.v"
No target library specified, default is WORK
Loading verilog file '/home/IC/Labs/System/RTL/UART/UART_RX/parity_check.v'
1
read_verilog -container r "/home/IC/Labs/System/RTL/SYS_TOP/System_Top_dft.v"
No target library specified, default is WORK
Loading verilog file '/home/IC/Labs/System/RTL/SYS_TOP/System_Top_dft.v'
1
read_verilog -container r "/home/IC/Labs/System/RTL/SYS_TOP/mux2X1.v"
No target library specified, default is WORK
Loading verilog file '/home/IC/Labs/System/RTL/SYS_TOP/mux2X1.v'
1
# SystemVerilog sources
read_sverilog -container r "/home/IC/Labs/System/RTL/UART/UART_RX/FSM.sv"
No target library specified, default is WORK
Loading verilog file '/home/IC/Labs/System/RTL/UART/UART_RX/FSM.sv'
1
read_sverilog -container r "/home/IC/Labs/System/RTL/UART/UART_TX/FSM_TX.sv"
No target library specified, default is WORK
Loading verilog file '/home/IC/Labs/System/RTL/UART/UART_TX/FSM_TX.sv'
1
read_sverilog -container r "/home/IC/Labs/System/RTL/SYS_CTRL/SYS_CTRL.sv"
No target library specified, default is WORK
Loading verilog file '/home/IC/Labs/System/RTL/SYS_CTRL/SYS_CTRL.sv'
1
# Read Reference technology libraries
read_db -container r $TTLIB
Loading db file '/home/IC/tsmc_fb_cl013g_sc/aci/sc-m/synopsys/scmetro_tsmc_cl013g_rvt_tt_1p2v_25c.db'
Information: Loading new version of design '/SCMETRO_TSMC_CL013G_RVT_TT_1P2V_25C/ADDFHX1M' into container 'r' (FM-548)
Information: Loading new version of design '/SCMETRO_TSMC_CL013G_RVT_TT_1P2V_25C/ADDFHX2M' into container 'r' (FM-548)
Information: Loading new version of design '/SCMETRO_TSMC_CL013G_RVT_TT_1P2V_25C/ADDFHX4M' into container 'r' (FM-548)
Information: Loading new version of design '/SCMETRO_TSMC_CL013G_RVT_TT_1P2V_25C/ADDFHX8M' into container 'r' (FM-548)
Information: Loading new version of design '/SCMETRO_TSMC_CL013G_RVT_TT_1P2V_25C/ADDFHXLM' into container 'r' (FM-548)
Information: Loading new version of design '/SCMETRO_TSMC_CL013G_RVT_TT_1P2V_25C/ADDFX1M' into container 'r' (FM-548)
Information: Loading new version of design '/SCMETRO_TSMC_CL013G_RVT_TT_1P2V_25C/ADDFX2M' into container 'r' (FM-548)
Information: Loading new version of design '/SCMETRO_TSMC_CL013G_RVT_TT_1P2V_25C/ADDFX4M' into container 'r' (FM-548)
Information: Loading new version of design '/SCMETRO_TSMC_CL013G_RVT_TT_1P2V_25C/ADDFX8M' into container 'r' (FM-548)
Information: Loading new version of design '/SCMETRO_TSMC_CL013G_RVT_TT_1P2V_25C/ADDFXLM' into container 'r' (FM-548)
Information: Loading new version of design '/SCMETRO_TSMC_CL013G_RVT_TT_1P2V_25C/ADDHX1M' into container 'r' (FM-548)
Information: Loading new version of design '/SCMETRO_TSMC_CL013G_RVT_TT_1P2V_25C/ADDHX2M' into container 'r' (FM-548)
Information: Loading new version of design '/SCMETRO_TSMC_CL013G_RVT_TT_1P2V_25C/ADDHX4M' into container 'r' (FM-548)
Information: Loading new version of design '/SCMETRO_TSMC_CL013G_RVT_TT_1P2V_25C/ADDHX8M' into container 'r' (FM-548)
Information: Loading new version of design '/SCMETRO_TSMC_CL013G_RVT_TT_1P2V_25C/AND2X12M' into container 'r' (FM-548)
Information: Loading new version of design '/SCMETRO_TSMC_CL013G_RVT_TT_1P2V_25C/AND2X1M' into container 'r' (FM-548)
Information: Loading new version of design '/SCMETRO_TSMC_CL013G_RVT_TT_1P2V_25C/AND2X2M' into container 'r' (FM-548)
Information: Loading new version of design '/SCMETRO_TSMC_CL013G_RVT_TT_1P2V_25C/AND2X4M' into container 'r' (FM-548)
Information: Loading new version of design '/SCMETRO_TSMC_CL013G_RVT_TT_1P2V_25C/AND2X6M' into container 'r' (FM-548)
Information: Loading new version of design '/SCMETRO_TSMC_CL013G_RVT_TT_1P2V_25C/AND2X8M' into container 'r' (FM-548)
Information: Loading new version of design '/SCMETRO_TSMC_CL013G_RVT_TT_1P2V_25C/AND3X12M' into container 'r' (FM-548)
Information: Loading new version of design '/SCMETRO_TSMC_CL013G_RVT_TT_1P2V_25C/AND3X1M' into container 'r' (FM-548)
Information: Loading new version of design '/SCMETRO_TSMC_CL013G_RVT_TT_1P2V_25C/AND3X2M' into container 'r' (FM-548)
Information: Loading new version of design '/SCMETRO_TSMC_CL013G_RVT_TT_1P2V_25C/AND3X4M' into container 'r' (FM-548)
Information: Loading new version of design '/SCMETRO_TSMC_CL013G_RVT_TT_1P2V_25C/AND3X6M' into container 'r' (FM-548)
Information: Loading new version of design '/SCMETRO_TSMC_CL013G_RVT_TT_1P2V_25C/AND3X8M' into container 'r' (FM-548)
Information: Loading new version of design '/SCMETRO_TSMC_CL013G_RVT_TT_1P2V_25C/AND3XLM' into container 'r' (FM-548)
Information: Loading new version of design '/SCMETRO_TSMC_CL013G_RVT_TT_1P2V_25C/AND4X12M' into container 'r' (FM-548)
Information: Loading new version of design '/SCMETRO_TSMC_CL013G_RVT_TT_1P2V_25C/AND4X1M' into container 'r' (FM-548)
Information: Loading new version of design '/SCMETRO_TSMC_CL013G_RVT_TT_1P2V_25C/AND4X2M' into container 'r' (FM-548)
Information: Loading new version of design '/SCMETRO_TSMC_CL013G_RVT_TT_1P2V_25C/AND4X4M' into container 'r' (FM-548)
Information: Loading new version of design '/SCMETRO_TSMC_CL013G_RVT_TT_1P2V_25C/AND4X6M' into container 'r' (FM-548)
Information: Loading new version of design '/SCMETRO_TSMC_CL013G_RVT_TT_1P2V_25C/AND4X8M' into container 'r' (FM-548)
Information: Loading new version of design '/SCMETRO_TSMC_CL013G_RVT_TT_1P2V_25C/AND4XLM' into container 'r' (FM-548)
Information: Loading new version of design '/SCMETRO_TSMC_CL013G_RVT_TT_1P2V_25C/AO21X1M' into container 'r' (FM-548)
Information: Loading new version of design '/SCMETRO_TSMC_CL013G_RVT_TT_1P2V_25C/AO21X2M' into container 'r' (FM-548)
Information: Loading new version of design '/SCMETRO_TSMC_CL013G_RVT_TT_1P2V_25C/AO21X4M' into container 'r' (FM-548)
Information: Loading new version of design '/SCMETRO_TSMC_CL013G_RVT_TT_1P2V_25C/AO21X8M' into container 'r' (FM-548)
Information: Loading new version of design '/SCMETRO_TSMC_CL013G_RVT_TT_1P2V_25C/AO21XLM' into container 'r' (FM-548)
Information: Loading new version of design '/SCMETRO_TSMC_CL013G_RVT_TT_1P2V_25C/AO22X1M' into container 'r' (FM-548)
Information: Loading new version of design '/SCMETRO_TSMC_CL013G_RVT_TT_1P2V_25C/AO22X2M' into container 'r' (FM-548)
Information: Loading new version of design '/SCMETRO_TSMC_CL013G_RVT_TT_1P2V_25C/AO22X4M' into container 'r' (FM-548)
Information: Loading new version of design '/SCMETRO_TSMC_CL013G_RVT_TT_1P2V_25C/AO22X8M' into container 'r' (FM-548)
Information: Loading new version of design '/SCMETRO_TSMC_CL013G_RVT_TT_1P2V_25C/AO22XLM' into container 'r' (FM-548)
Information: Loading new version of design '/SCMETRO_TSMC_CL013G_RVT_TT_1P2V_25C/AO2B2BX1M' into container 'r' (FM-548)
Information: Loading new version of design '/SCMETRO_TSMC_CL013G_RVT_TT_1P2V_25C/AO2B2BX2M' into container 'r' (FM-548)
Information: Loading new version of design '/SCMETRO_TSMC_CL013G_RVT_TT_1P2V_25C/AO2B2BX4M' into container 'r' (FM-548)
Information: Loading new version of design '/SCMETRO_TSMC_CL013G_RVT_TT_1P2V_25C/AO2B2BXLM' into container 'r' (FM-548)
Information: Loading new version of design '/SCMETRO_TSMC_CL013G_RVT_TT_1P2V_25C/AO2B2X1M' into container 'r' (FM-548)
Information: Loading new version of design '/SCMETRO_TSMC_CL013G_RVT_TT_1P2V_25C/AO2B2X2M' into container 'r' (FM-548)
Information: Loading new version of design '/SCMETRO_TSMC_CL013G_RVT_TT_1P2V_25C/AO2B2X4M' into container 'r' (FM-548)
Information: Loading new version of design '/SCMETRO_TSMC_CL013G_RVT_TT_1P2V_25C/AO2B2XLM' into container 'r' (FM-548)
Information: Loading new version of design '/SCMETRO_TSMC_CL013G_RVT_TT_1P2V_25C/AOI211X1M' into container 'r' (FM-548)
Information: Loading new version of design '/SCMETRO_TSMC_CL013G_RVT_TT_1P2V_25C/AOI211X2M' into container 'r' (FM-548)
Information: Loading new version of design '/SCMETRO_TSMC_CL013G_RVT_TT_1P2V_25C/AOI211X4M' into container 'r' (FM-548)
Information: Loading new version of design '/SCMETRO_TSMC_CL013G_RVT_TT_1P2V_25C/AOI211XLM' into container 'r' (FM-548)
Information: Loading new version of design '/SCMETRO_TSMC_CL013G_RVT_TT_1P2V_25C/AOI21BX1M' into container 'r' (FM-548)
Information: Loading new version of design '/SCMETRO_TSMC_CL013G_RVT_TT_1P2V_25C/AOI21BX2M' into container 'r' (FM-548)
Information: Loading new version of design '/SCMETRO_TSMC_CL013G_RVT_TT_1P2V_25C/AOI21BX4M' into container 'r' (FM-548)
Information: Loading new version of design '/SCMETRO_TSMC_CL013G_RVT_TT_1P2V_25C/AOI21BX8M' into container 'r' (FM-548)
Information: Loading new version of design '/SCMETRO_TSMC_CL013G_RVT_TT_1P2V_25C/AOI21BXLM' into container 'r' (FM-548)
Information: Loading new version of design '/SCMETRO_TSMC_CL013G_RVT_TT_1P2V_25C/AOI21X1M' into container 'r' (FM-548)
Information: Loading new version of design '/SCMETRO_TSMC_CL013G_RVT_TT_1P2V_25C/AOI21X2M' into container 'r' (FM-548)
Information: Loading new version of design '/SCMETRO_TSMC_CL013G_RVT_TT_1P2V_25C/AOI21X3M' into container 'r' (FM-548)
Information: Loading new version of design '/SCMETRO_TSMC_CL013G_RVT_TT_1P2V_25C/AOI21X4M' into container 'r' (FM-548)
Information: Loading new version of design '/SCMETRO_TSMC_CL013G_RVT_TT_1P2V_25C/AOI21X6M' into container 'r' (FM-548)
Information: Loading new version of design '/SCMETRO_TSMC_CL013G_RVT_TT_1P2V_25C/AOI21X8M' into container 'r' (FM-548)
Information: Loading new version of design '/SCMETRO_TSMC_CL013G_RVT_TT_1P2V_25C/AOI21XLM' into container 'r' (FM-548)
Information: Loading new version of design '/SCMETRO_TSMC_CL013G_RVT_TT_1P2V_25C/AOI221X1M' into container 'r' (FM-548)
Information: Loading new version of design '/SCMETRO_TSMC_CL013G_RVT_TT_1P2V_25C/AOI221X2M' into container 'r' (FM-548)
Information: Loading new version of design '/SCMETRO_TSMC_CL013G_RVT_TT_1P2V_25C/AOI221X4M' into container 'r' (FM-548)
Information: Loading new version of design '/SCMETRO_TSMC_CL013G_RVT_TT_1P2V_25C/AOI221XLM' into container 'r' (FM-548)
Information: Loading new version of design '/SCMETRO_TSMC_CL013G_RVT_TT_1P2V_25C/AOI222X1M' into container 'r' (FM-548)
Information: Loading new version of design '/SCMETRO_TSMC_CL013G_RVT_TT_1P2V_25C/AOI222X2M' into container 'r' (FM-548)
Information: Loading new version of design '/SCMETRO_TSMC_CL013G_RVT_TT_1P2V_25C/AOI222X4M' into container 'r' (FM-548)
Information: Loading new version of design '/SCMETRO_TSMC_CL013G_RVT_TT_1P2V_25C/AOI222XLM' into container 'r' (FM-548)
Information: Loading new version of design '/SCMETRO_TSMC_CL013G_RVT_TT_1P2V_25C/AOI22X1M' into container 'r' (FM-548)
Information: Loading new version of design '/SCMETRO_TSMC_CL013G_RVT_TT_1P2V_25C/AOI22X2M' into container 'r' (FM-548)
Information: Loading new version of design '/SCMETRO_TSMC_CL013G_RVT_TT_1P2V_25C/AOI22X4M' into container 'r' (FM-548)
Information: Loading new version of design '/SCMETRO_TSMC_CL013G_RVT_TT_1P2V_25C/AOI22XLM' into container 'r' (FM-548)
Information: Loading new version of design '/SCMETRO_TSMC_CL013G_RVT_TT_1P2V_25C/AOI2B1X1M' into container 'r' (FM-548)
Information: Loading new version of design '/SCMETRO_TSMC_CL013G_RVT_TT_1P2V_25C/AOI2B1X2M' into container 'r' (FM-548)
Information: Loading new version of design '/SCMETRO_TSMC_CL013G_RVT_TT_1P2V_25C/AOI2B1X4M' into container 'r' (FM-548)
Information: Loading new version of design '/SCMETRO_TSMC_CL013G_RVT_TT_1P2V_25C/AOI2B1X8M' into container 'r' (FM-548)
Information: Loading new version of design '/SCMETRO_TSMC_CL013G_RVT_TT_1P2V_25C/AOI2B1XLM' into container 'r' (FM-548)
Information: Loading new version of design '/SCMETRO_TSMC_CL013G_RVT_TT_1P2V_25C/AOI2BB1X1M' into container 'r' (FM-548)
Information: Loading new version of design '/SCMETRO_TSMC_CL013G_RVT_TT_1P2V_25C/AOI2BB1X2M' into container 'r' (FM-548)
Information: Loading new version of design '/SCMETRO_TSMC_CL013G_RVT_TT_1P2V_25C/AOI2BB1X4M' into container 'r' (FM-548)
Information: Loading new version of design '/SCMETRO_TSMC_CL013G_RVT_TT_1P2V_25C/AOI2BB1X8M' into container 'r' (FM-548)
Information: Loading new version of design '/SCMETRO_TSMC_CL013G_RVT_TT_1P2V_25C/AOI2BB1XLM' into container 'r' (FM-548)
Information: Loading new version of design '/SCMETRO_TSMC_CL013G_RVT_TT_1P2V_25C/AOI2BB2X1M' into container 'r' (FM-548)
Information: Loading new version of design '/SCMETRO_TSMC_CL013G_RVT_TT_1P2V_25C/AOI2BB2X2M' into container 'r' (FM-548)
Information: Loading new version of design '/SCMETRO_TSMC_CL013G_RVT_TT_1P2V_25C/AOI2BB2X4M' into container 'r' (FM-548)
Information: Loading new version of design '/SCMETRO_TSMC_CL013G_RVT_TT_1P2V_25C/AOI2BB2X8M' into container 'r' (FM-548)
Information: Loading new version of design '/SCMETRO_TSMC_CL013G_RVT_TT_1P2V_25C/AOI2BB2XLM' into container 'r' (FM-548)
Information: Loading new version of design '/SCMETRO_TSMC_CL013G_RVT_TT_1P2V_25C/AOI31X1M' into container 'r' (FM-548)
Information: Loading new version of design '/SCMETRO_TSMC_CL013G_RVT_TT_1P2V_25C/AOI31X2M' into container 'r' (FM-548)
Information: Loading new version of design '/SCMETRO_TSMC_CL013G_RVT_TT_1P2V_25C/AOI31X4M' into container 'r' (FM-548)
Information: Loading new version of design '/SCMETRO_TSMC_CL013G_RVT_TT_1P2V_25C/AOI31XLM' into container 'r' (FM-548)
Information: Loading new version of design '/SCMETRO_TSMC_CL013G_RVT_TT_1P2V_25C/AOI32X1M' into container 'r' (FM-548)
Information: Loading new version of design '/SCMETRO_TSMC_CL013G_RVT_TT_1P2V_25C/AOI32X2M' into container 'r' (FM-548)
Information: Loading new version of design '/SCMETRO_TSMC_CL013G_RVT_TT_1P2V_25C/AOI32X4M' into container 'r' (FM-548)
Information: Loading new version of design '/SCMETRO_TSMC_CL013G_RVT_TT_1P2V_25C/AOI32XLM' into container 'r' (FM-548)
Information: Loading new version of design '/SCMETRO_TSMC_CL013G_RVT_TT_1P2V_25C/AOI33X1M' into container 'r' (FM-548)
Information: Loading new version of design '/SCMETRO_TSMC_CL013G_RVT_TT_1P2V_25C/AOI33X2M' into container 'r' (FM-548)
Information: Loading new version of design '/SCMETRO_TSMC_CL013G_RVT_TT_1P2V_25C/AOI33X4M' into container 'r' (FM-548)
Information: Loading new version of design '/SCMETRO_TSMC_CL013G_RVT_TT_1P2V_25C/AOI33XLM' into container 'r' (FM-548)
Information: Loading new version of design '/SCMETRO_TSMC_CL013G_RVT_TT_1P2V_25C/BUFX10M' into container 'r' (FM-548)
Information: Loading new version of design '/SCMETRO_TSMC_CL013G_RVT_TT_1P2V_25C/BUFX12M' into container 'r' (FM-548)
Information: Loading new version of design '/SCMETRO_TSMC_CL013G_RVT_TT_1P2V_25C/BUFX14M' into container 'r' (FM-548)
Information: Loading new version of design '/SCMETRO_TSMC_CL013G_RVT_TT_1P2V_25C/BUFX16M' into container 'r' (FM-548)
Information: Loading new version of design '/SCMETRO_TSMC_CL013G_RVT_TT_1P2V_25C/BUFX18M' into container 'r' (FM-548)
Information: Loading new version of design '/SCMETRO_TSMC_CL013G_RVT_TT_1P2V_25C/BUFX20M' into container 'r' (FM-548)
Information: Loading new version of design '/SCMETRO_TSMC_CL013G_RVT_TT_1P2V_25C/BUFX24M' into container 'r' (FM-548)
Information: Loading new version of design '/SCMETRO_TSMC_CL013G_RVT_TT_1P2V_25C/BUFX2M' into container 'r' (FM-548)
Information: Loading new version of design '/SCMETRO_TSMC_CL013G_RVT_TT_1P2V_25C/BUFX32M' into container 'r' (FM-548)
Information: Loading new version of design '/SCMETRO_TSMC_CL013G_RVT_TT_1P2V_25C/BUFX3M' into container 'r' (FM-548)
Information: Loading new version of design '/SCMETRO_TSMC_CL013G_RVT_TT_1P2V_25C/BUFX4M' into container 'r' (FM-548)
Information: Loading new version of design '/SCMETRO_TSMC_CL013G_RVT_TT_1P2V_25C/BUFX5M' into container 'r' (FM-548)
Information: Loading new version of design '/SCMETRO_TSMC_CL013G_RVT_TT_1P2V_25C/BUFX6M' into container 'r' (FM-548)
Information: Loading new version of design '/SCMETRO_TSMC_CL013G_RVT_TT_1P2V_25C/BUFX8M' into container 'r' (FM-548)
Information: Loading new version of design '/SCMETRO_TSMC_CL013G_RVT_TT_1P2V_25C/CLKAND2X12M' into container 'r' (FM-548)
Information: Loading new version of design '/SCMETRO_TSMC_CL013G_RVT_TT_1P2V_25C/CLKAND2X16M' into container 'r' (FM-548)
Information: Loading new version of design '/SCMETRO_TSMC_CL013G_RVT_TT_1P2V_25C/CLKAND2X2M' into container 'r' (FM-548)
Information: Loading new version of design '/SCMETRO_TSMC_CL013G_RVT_TT_1P2V_25C/CLKAND2X3M' into container 'r' (FM-548)
Information: Loading new version of design '/SCMETRO_TSMC_CL013G_RVT_TT_1P2V_25C/CLKAND2X4M' into container 'r' (FM-548)
Information: Loading new version of design '/SCMETRO_TSMC_CL013G_RVT_TT_1P2V_25C/CLKAND2X6M' into container 'r' (FM-548)
Information: Loading new version of design '/SCMETRO_TSMC_CL013G_RVT_TT_1P2V_25C/CLKAND2X8M' into container 'r' (FM-548)
Information: Loading new version of design '/SCMETRO_TSMC_CL013G_RVT_TT_1P2V_25C/CLKBUFX12M' into container 'r' (FM-548)
Information: Loading new version of design '/SCMETRO_TSMC_CL013G_RVT_TT_1P2V_25C/CLKBUFX16M' into container 'r' (FM-548)
Information: Loading new version of design '/SCMETRO_TSMC_CL013G_RVT_TT_1P2V_25C/CLKBUFX1M' into container 'r' (FM-548)
Information: Loading new version of design '/SCMETRO_TSMC_CL013G_RVT_TT_1P2V_25C/CLKBUFX20M' into container 'r' (FM-548)
Information: Loading new version of design '/SCMETRO_TSMC_CL013G_RVT_TT_1P2V_25C/CLKBUFX24M' into container 'r' (FM-548)
Information: Loading new version of design '/SCMETRO_TSMC_CL013G_RVT_TT_1P2V_25C/CLKBUFX2M' into container 'r' (FM-548)
Information: Loading new version of design '/SCMETRO_TSMC_CL013G_RVT_TT_1P2V_25C/CLKBUFX32M' into container 'r' (FM-548)
Information: Loading new version of design '/SCMETRO_TSMC_CL013G_RVT_TT_1P2V_25C/CLKBUFX3M' into container 'r' (FM-548)
Information: Loading new version of design '/SCMETRO_TSMC_CL013G_RVT_TT_1P2V_25C/CLKBUFX40M' into container 'r' (FM-548)
Information: Loading new version of design '/SCMETRO_TSMC_CL013G_RVT_TT_1P2V_25C/CLKBUFX4M' into container 'r' (FM-548)
Information: Loading new version of design '/SCMETRO_TSMC_CL013G_RVT_TT_1P2V_25C/CLKBUFX6M' into container 'r' (FM-548)
Information: Loading new version of design '/SCMETRO_TSMC_CL013G_RVT_TT_1P2V_25C/CLKBUFX8M' into container 'r' (FM-548)
Information: Loading new version of design '/SCMETRO_TSMC_CL013G_RVT_TT_1P2V_25C/CLKINVX12M' into container 'r' (FM-548)
Information: Loading new version of design '/SCMETRO_TSMC_CL013G_RVT_TT_1P2V_25C/CLKINVX16M' into container 'r' (FM-548)
Information: Loading new version of design '/SCMETRO_TSMC_CL013G_RVT_TT_1P2V_25C/CLKINVX1M' into container 'r' (FM-548)
Information: Loading new version of design '/SCMETRO_TSMC_CL013G_RVT_TT_1P2V_25C/CLKINVX20M' into container 'r' (FM-548)
Information: Loading new version of design '/SCMETRO_TSMC_CL013G_RVT_TT_1P2V_25C/CLKINVX24M' into container 'r' (FM-548)
Information: Loading new version of design '/SCMETRO_TSMC_CL013G_RVT_TT_1P2V_25C/CLKINVX2M' into container 'r' (FM-548)
Information: Loading new version of design '/SCMETRO_TSMC_CL013G_RVT_TT_1P2V_25C/CLKINVX32M' into container 'r' (FM-548)
Information: Loading new version of design '/SCMETRO_TSMC_CL013G_RVT_TT_1P2V_25C/CLKINVX3M' into container 'r' (FM-548)
Information: Loading new version of design '/SCMETRO_TSMC_CL013G_RVT_TT_1P2V_25C/CLKINVX40M' into container 'r' (FM-548)
Information: Loading new version of design '/SCMETRO_TSMC_CL013G_RVT_TT_1P2V_25C/CLKINVX4M' into container 'r' (FM-548)
Information: Loading new version of design '/SCMETRO_TSMC_CL013G_RVT_TT_1P2V_25C/CLKINVX6M' into container 'r' (FM-548)
Information: Loading new version of design '/SCMETRO_TSMC_CL013G_RVT_TT_1P2V_25C/CLKINVX8M' into container 'r' (FM-548)
Information: Loading new version of design '/SCMETRO_TSMC_CL013G_RVT_TT_1P2V_25C/CLKMX2X12M' into container 'r' (FM-548)
Information: Loading new version of design '/SCMETRO_TSMC_CL013G_RVT_TT_1P2V_25C/CLKMX2X16M' into container 'r' (FM-548)
Information: Loading new version of design '/SCMETRO_TSMC_CL013G_RVT_TT_1P2V_25C/CLKMX2X2M' into container 'r' (FM-548)
Information: Loading new version of design '/SCMETRO_TSMC_CL013G_RVT_TT_1P2V_25C/CLKMX2X3M' into container 'r' (FM-548)
Information: Loading new version of design '/SCMETRO_TSMC_CL013G_RVT_TT_1P2V_25C/CLKMX2X4M' into container 'r' (FM-548)
Information: Loading new version of design '/SCMETRO_TSMC_CL013G_RVT_TT_1P2V_25C/CLKMX2X6M' into container 'r' (FM-548)
Information: Loading new version of design '/SCMETRO_TSMC_CL013G_RVT_TT_1P2V_25C/CLKMX2X8M' into container 'r' (FM-548)
Information: Loading new version of design '/SCMETRO_TSMC_CL013G_RVT_TT_1P2V_25C/CLKNAND2X12M' into container 'r' (FM-548)
Information: Loading new version of design '/SCMETRO_TSMC_CL013G_RVT_TT_1P2V_25C/CLKNAND2X16M' into container 'r' (FM-548)
Information: Loading new version of design '/SCMETRO_TSMC_CL013G_RVT_TT_1P2V_25C/CLKNAND2X2M' into container 'r' (FM-548)
Information: Loading new version of design '/SCMETRO_TSMC_CL013G_RVT_TT_1P2V_25C/CLKNAND2X4M' into container 'r' (FM-548)
Information: Loading new version of design '/SCMETRO_TSMC_CL013G_RVT_TT_1P2V_25C/CLKNAND2X8M' into container 'r' (FM-548)
Information: Loading new version of design '/SCMETRO_TSMC_CL013G_RVT_TT_1P2V_25C/CLKXOR2X12M' into container 'r' (FM-548)
Information: Loading new version of design '/SCMETRO_TSMC_CL013G_RVT_TT_1P2V_25C/CLKXOR2X16M' into container 'r' (FM-548)
Information: Loading new version of design '/SCMETRO_TSMC_CL013G_RVT_TT_1P2V_25C/CLKXOR2X2M' into container 'r' (FM-548)
Information: Loading new version of design '/SCMETRO_TSMC_CL013G_RVT_TT_1P2V_25C/CLKXOR2X4M' into container 'r' (FM-548)
Information: Loading new version of design '/SCMETRO_TSMC_CL013G_RVT_TT_1P2V_25C/CLKXOR2X8M' into container 'r' (FM-548)
Information: Loading new version of design '/SCMETRO_TSMC_CL013G_RVT_TT_1P2V_25C/DFFHQNX1M' into container 'r' (FM-548)
Information: Loading new version of design '/SCMETRO_TSMC_CL013G_RVT_TT_1P2V_25C/DFFHQNX2M' into container 'r' (FM-548)
Information: Loading new version of design '/SCMETRO_TSMC_CL013G_RVT_TT_1P2V_25C/DFFHQNX4M' into container 'r' (FM-548)
Information: Loading new version of design '/SCMETRO_TSMC_CL013G_RVT_TT_1P2V_25C/DFFHQNX8M' into container 'r' (FM-548)
Information: Loading new version of design '/SCMETRO_TSMC_CL013G_RVT_TT_1P2V_25C/DFFHQX1M' into container 'r' (FM-548)
Information: Loading new version of design '/SCMETRO_TSMC_CL013G_RVT_TT_1P2V_25C/DFFHQX2M' into container 'r' (FM-548)
Information: Loading new version of design '/SCMETRO_TSMC_CL013G_RVT_TT_1P2V_25C/DFFHQX4M' into container 'r' (FM-548)
Information: Loading new version of design '/SCMETRO_TSMC_CL013G_RVT_TT_1P2V_25C/DFFHQX8M' into container 'r' (FM-548)
Information: Loading new version of design '/SCMETRO_TSMC_CL013G_RVT_TT_1P2V_25C/DFFHX1M' into container 'r' (FM-548)
Information: Loading new version of design '/SCMETRO_TSMC_CL013G_RVT_TT_1P2V_25C/DFFHX2M' into container 'r' (FM-548)
Information: Loading new version of design '/SCMETRO_TSMC_CL013G_RVT_TT_1P2V_25C/DFFHX4M' into container 'r' (FM-548)
Information: Loading new version of design '/SCMETRO_TSMC_CL013G_RVT_TT_1P2V_25C/DFFHX8M' into container 'r' (FM-548)
Information: Loading new version of design '/SCMETRO_TSMC_CL013G_RVT_TT_1P2V_25C/DFFNHX1M' into container 'r' (FM-548)
Information: Loading new version of design '/SCMETRO_TSMC_CL013G_RVT_TT_1P2V_25C/DFFNHX2M' into container 'r' (FM-548)
Information: Loading new version of design '/SCMETRO_TSMC_CL013G_RVT_TT_1P2V_25C/DFFNHX4M' into container 'r' (FM-548)
Information: Loading new version of design '/SCMETRO_TSMC_CL013G_RVT_TT_1P2V_25C/DFFNHX8M' into container 'r' (FM-548)
Information: Loading new version of design '/SCMETRO_TSMC_CL013G_RVT_TT_1P2V_25C/DFFNSRHX1M' into container 'r' (FM-548)
Information: Loading new version of design '/SCMETRO_TSMC_CL013G_RVT_TT_1P2V_25C/DFFNSRHX2M' into container 'r' (FM-548)
Information: Loading new version of design '/SCMETRO_TSMC_CL013G_RVT_TT_1P2V_25C/DFFNSRHX4M' into container 'r' (FM-548)
Information: Loading new version of design '/SCMETRO_TSMC_CL013G_RVT_TT_1P2V_25C/DFFNSRHX8M' into container 'r' (FM-548)
Information: Loading new version of design '/SCMETRO_TSMC_CL013G_RVT_TT_1P2V_25C/DFFQNX1M' into container 'r' (FM-548)
Information: Loading new version of design '/SCMETRO_TSMC_CL013G_RVT_TT_1P2V_25C/DFFQNX2M' into container 'r' (FM-548)
Information: Loading new version of design '/SCMETRO_TSMC_CL013G_RVT_TT_1P2V_25C/DFFQNX4M' into container 'r' (FM-548)
Information: Loading new version of design '/SCMETRO_TSMC_CL013G_RVT_TT_1P2V_25C/DFFQX1M' into container 'r' (FM-548)
Information: Loading new version of design '/SCMETRO_TSMC_CL013G_RVT_TT_1P2V_25C/DFFQX2M' into container 'r' (FM-548)
Information: Loading new version of design '/SCMETRO_TSMC_CL013G_RVT_TT_1P2V_25C/DFFQX4M' into container 'r' (FM-548)
Information: Loading new version of design '/SCMETRO_TSMC_CL013G_RVT_TT_1P2V_25C/DFFRHQX1M' into container 'r' (FM-548)
Information: Loading new version of design '/SCMETRO_TSMC_CL013G_RVT_TT_1P2V_25C/DFFRHQX2M' into container 'r' (FM-548)
Information: Loading new version of design '/SCMETRO_TSMC_CL013G_RVT_TT_1P2V_25C/DFFRHQX4M' into container 'r' (FM-548)
Information: Loading new version of design '/SCMETRO_TSMC_CL013G_RVT_TT_1P2V_25C/DFFRHQX8M' into container 'r' (FM-548)
Information: Loading new version of design '/SCMETRO_TSMC_CL013G_RVT_TT_1P2V_25C/DFFRQX1M' into container 'r' (FM-548)
Information: Loading new version of design '/SCMETRO_TSMC_CL013G_RVT_TT_1P2V_25C/DFFRQX2M' into container 'r' (FM-548)
Information: Loading new version of design '/SCMETRO_TSMC_CL013G_RVT_TT_1P2V_25C/DFFRQX4M' into container 'r' (FM-548)
Information: Loading new version of design '/SCMETRO_TSMC_CL013G_RVT_TT_1P2V_25C/DFFRX1M' into container 'r' (FM-548)
Information: Loading new version of design '/SCMETRO_TSMC_CL013G_RVT_TT_1P2V_25C/DFFRX2M' into container 'r' (FM-548)
Information: Loading new version of design '/SCMETRO_TSMC_CL013G_RVT_TT_1P2V_25C/DFFRX4M' into container 'r' (FM-548)
Information: Loading new version of design '/SCMETRO_TSMC_CL013G_RVT_TT_1P2V_25C/DFFSHQX1M' into container 'r' (FM-548)
Information: Loading new version of design '/SCMETRO_TSMC_CL013G_RVT_TT_1P2V_25C/DFFSHQX2M' into container 'r' (FM-548)
Information: Loading new version of design '/SCMETRO_TSMC_CL013G_RVT_TT_1P2V_25C/DFFSHQX4M' into container 'r' (FM-548)
Information: Loading new version of design '/SCMETRO_TSMC_CL013G_RVT_TT_1P2V_25C/DFFSHQX8M' into container 'r' (FM-548)
Information: Loading new version of design '/SCMETRO_TSMC_CL013G_RVT_TT_1P2V_25C/DFFSQX1M' into container 'r' (FM-548)
Information: Loading new version of design '/SCMETRO_TSMC_CL013G_RVT_TT_1P2V_25C/DFFSQX2M' into container 'r' (FM-548)
Information: Loading new version of design '/SCMETRO_TSMC_CL013G_RVT_TT_1P2V_25C/DFFSQX4M' into container 'r' (FM-548)
Information: Loading new version of design '/SCMETRO_TSMC_CL013G_RVT_TT_1P2V_25C/DFFSRHQX1M' into container 'r' (FM-548)
Information: Loading new version of design '/SCMETRO_TSMC_CL013G_RVT_TT_1P2V_25C/DFFSRHQX2M' into container 'r' (FM-548)
Information: Loading new version of design '/SCMETRO_TSMC_CL013G_RVT_TT_1P2V_25C/DFFSRHQX4M' into container 'r' (FM-548)
Information: Loading new version of design '/SCMETRO_TSMC_CL013G_RVT_TT_1P2V_25C/DFFSRHQX8M' into container 'r' (FM-548)
Information: Loading new version of design '/SCMETRO_TSMC_CL013G_RVT_TT_1P2V_25C/DFFSRX1M' into container 'r' (FM-548)
Information: Loading new version of design '/SCMETRO_TSMC_CL013G_RVT_TT_1P2V_25C/DFFSRX2M' into container 'r' (FM-548)
Information: Loading new version of design '/SCMETRO_TSMC_CL013G_RVT_TT_1P2V_25C/DFFSRX4M' into container 'r' (FM-548)
Information: Loading new version of design '/SCMETRO_TSMC_CL013G_RVT_TT_1P2V_25C/DFFSX1M' into container 'r' (FM-548)
Information: Loading new version of design '/SCMETRO_TSMC_CL013G_RVT_TT_1P2V_25C/DFFSX2M' into container 'r' (FM-548)
Information: Loading new version of design '/SCMETRO_TSMC_CL013G_RVT_TT_1P2V_25C/DFFSX4M' into container 'r' (FM-548)
Information: Loading new version of design '/SCMETRO_TSMC_CL013G_RVT_TT_1P2V_25C/DFFTRX1M' into container 'r' (FM-548)
Information: Loading new version of design '/SCMETRO_TSMC_CL013G_RVT_TT_1P2V_25C/DFFTRX2M' into container 'r' (FM-548)
Information: Loading new version of design '/SCMETRO_TSMC_CL013G_RVT_TT_1P2V_25C/DFFTRX4M' into container 'r' (FM-548)
Information: Loading new version of design '/SCMETRO_TSMC_CL013G_RVT_TT_1P2V_25C/DFFX1M' into container 'r' (FM-548)
Information: Loading new version of design '/SCMETRO_TSMC_CL013G_RVT_TT_1P2V_25C/DFFX2M' into container 'r' (FM-548)
Information: Loading new version of design '/SCMETRO_TSMC_CL013G_RVT_TT_1P2V_25C/DFFX4M' into container 'r' (FM-548)
Information: Loading new version of design '/SCMETRO_TSMC_CL013G_RVT_TT_1P2V_25C/DLY1X1M' into container 'r' (FM-548)
Information: Loading new version of design '/SCMETRO_TSMC_CL013G_RVT_TT_1P2V_25C/DLY1X4M' into container 'r' (FM-548)
Information: Loading new version of design '/SCMETRO_TSMC_CL013G_RVT_TT_1P2V_25C/DLY2X1M' into container 'r' (FM-548)
Information: Loading new version of design '/SCMETRO_TSMC_CL013G_RVT_TT_1P2V_25C/DLY2X4M' into container 'r' (FM-548)
Information: Loading new version of design '/SCMETRO_TSMC_CL013G_RVT_TT_1P2V_25C/DLY3X1M' into container 'r' (FM-548)
Information: Loading new version of design '/SCMETRO_TSMC_CL013G_RVT_TT_1P2V_25C/DLY3X4M' into container 'r' (FM-548)
Information: Loading new version of design '/SCMETRO_TSMC_CL013G_RVT_TT_1P2V_25C/DLY4X1M' into container 'r' (FM-548)
Information: Loading new version of design '/SCMETRO_TSMC_CL013G_RVT_TT_1P2V_25C/DLY4X4M' into container 'r' (FM-548)
Information: Loading new version of design '/SCMETRO_TSMC_CL013G_RVT_TT_1P2V_25C/EDFFHQX1M' into container 'r' (FM-548)
Information: Loading new version of design '/SCMETRO_TSMC_CL013G_RVT_TT_1P2V_25C/EDFFHQX2M' into container 'r' (FM-548)
Information: Loading new version of design '/SCMETRO_TSMC_CL013G_RVT_TT_1P2V_25C/EDFFHQX4M' into container 'r' (FM-548)
Information: Loading new version of design '/SCMETRO_TSMC_CL013G_RVT_TT_1P2V_25C/EDFFHQX8M' into container 'r' (FM-548)
Information: Loading new version of design '/SCMETRO_TSMC_CL013G_RVT_TT_1P2V_25C/EDFFTRX1M' into container 'r' (FM-548)
Information: Loading new version of design '/SCMETRO_TSMC_CL013G_RVT_TT_1P2V_25C/EDFFTRX2M' into container 'r' (FM-548)
Information: Loading new version of design '/SCMETRO_TSMC_CL013G_RVT_TT_1P2V_25C/EDFFTRX4M' into container 'r' (FM-548)
Information: Loading new version of design '/SCMETRO_TSMC_CL013G_RVT_TT_1P2V_25C/EDFFX1M' into container 'r' (FM-548)
Information: Loading new version of design '/SCMETRO_TSMC_CL013G_RVT_TT_1P2V_25C/EDFFX2M' into container 'r' (FM-548)
Information: Loading new version of design '/SCMETRO_TSMC_CL013G_RVT_TT_1P2V_25C/EDFFX4M' into container 'r' (FM-548)
Information: Loading new version of design '/SCMETRO_TSMC_CL013G_RVT_TT_1P2V_25C/HOLDX1M' into container 'r' (FM-548)
Information: Loading new version of design '/SCMETRO_TSMC_CL013G_RVT_TT_1P2V_25C/INVX10M' into container 'r' (FM-548)
Information: Loading new version of design '/SCMETRO_TSMC_CL013G_RVT_TT_1P2V_25C/INVX12M' into container 'r' (FM-548)
Information: Loading new version of design '/SCMETRO_TSMC_CL013G_RVT_TT_1P2V_25C/INVX14M' into container 'r' (FM-548)
Information: Loading new version of design '/SCMETRO_TSMC_CL013G_RVT_TT_1P2V_25C/INVX16M' into container 'r' (FM-548)
Information: Loading new version of design '/SCMETRO_TSMC_CL013G_RVT_TT_1P2V_25C/INVX18M' into container 'r' (FM-548)
Information: Loading new version of design '/SCMETRO_TSMC_CL013G_RVT_TT_1P2V_25C/INVX1M' into container 'r' (FM-548)
Information: Loading new version of design '/SCMETRO_TSMC_CL013G_RVT_TT_1P2V_25C/INVX20M' into container 'r' (FM-548)
Information: Loading new version of design '/SCMETRO_TSMC_CL013G_RVT_TT_1P2V_25C/INVX24M' into container 'r' (FM-548)
Information: Loading new version of design '/SCMETRO_TSMC_CL013G_RVT_TT_1P2V_25C/INVX2M' into container 'r' (FM-548)
Information: Loading new version of design '/SCMETRO_TSMC_CL013G_RVT_TT_1P2V_25C/INVX32M' into container 'r' (FM-548)
Information: Loading new version of design '/SCMETRO_TSMC_CL013G_RVT_TT_1P2V_25C/INVX3M' into container 'r' (FM-548)
Information: Loading new version of design '/SCMETRO_TSMC_CL013G_RVT_TT_1P2V_25C/INVX4M' into container 'r' (FM-548)
Information: Loading new version of design '/SCMETRO_TSMC_CL013G_RVT_TT_1P2V_25C/INVX5M' into container 'r' (FM-548)
Information: Loading new version of design '/SCMETRO_TSMC_CL013G_RVT_TT_1P2V_25C/INVX6M' into container 'r' (FM-548)
Information: Loading new version of design '/SCMETRO_TSMC_CL013G_RVT_TT_1P2V_25C/INVX8M' into container 'r' (FM-548)
Information: Loading new version of design '/SCMETRO_TSMC_CL013G_RVT_TT_1P2V_25C/INVXLM' into container 'r' (FM-548)
Information: Loading new version of design '/SCMETRO_TSMC_CL013G_RVT_TT_1P2V_25C/MDFFHQX1M' into container 'r' (FM-548)
Information: Loading new version of design '/SCMETRO_TSMC_CL013G_RVT_TT_1P2V_25C/MDFFHQX2M' into container 'r' (FM-548)
Information: Loading new version of design '/SCMETRO_TSMC_CL013G_RVT_TT_1P2V_25C/MDFFHQX4M' into container 'r' (FM-548)
Information: Loading new version of design '/SCMETRO_TSMC_CL013G_RVT_TT_1P2V_25C/MDFFHQX8M' into container 'r' (FM-548)
Information: Loading new version of design '/SCMETRO_TSMC_CL013G_RVT_TT_1P2V_25C/MX2X12M' into container 'r' (FM-548)
Information: Loading new version of design '/SCMETRO_TSMC_CL013G_RVT_TT_1P2V_25C/MX2X1M' into container 'r' (FM-548)
Information: Loading new version of design '/SCMETRO_TSMC_CL013G_RVT_TT_1P2V_25C/MX2X2M' into container 'r' (FM-548)
Information: Loading new version of design '/SCMETRO_TSMC_CL013G_RVT_TT_1P2V_25C/MX2X3M' into container 'r' (FM-548)
Information: Loading new version of design '/SCMETRO_TSMC_CL013G_RVT_TT_1P2V_25C/MX2X4M' into container 'r' (FM-548)
Information: Loading new version of design '/SCMETRO_TSMC_CL013G_RVT_TT_1P2V_25C/MX2X6M' into container 'r' (FM-548)
Information: Loading new version of design '/SCMETRO_TSMC_CL013G_RVT_TT_1P2V_25C/MX2X8M' into container 'r' (FM-548)
Information: Loading new version of design '/SCMETRO_TSMC_CL013G_RVT_TT_1P2V_25C/MX2XLM' into container 'r' (FM-548)
Information: Loading new version of design '/SCMETRO_TSMC_CL013G_RVT_TT_1P2V_25C/MX3X1M' into container 'r' (FM-548)
Information: Loading new version of design '/SCMETRO_TSMC_CL013G_RVT_TT_1P2V_25C/MX3X2M' into container 'r' (FM-548)
Information: Loading new version of design '/SCMETRO_TSMC_CL013G_RVT_TT_1P2V_25C/MX3X4M' into container 'r' (FM-548)
Information: Loading new version of design '/SCMETRO_TSMC_CL013G_RVT_TT_1P2V_25C/MX3X8M' into container 'r' (FM-548)
Information: Loading new version of design '/SCMETRO_TSMC_CL013G_RVT_TT_1P2V_25C/MX3XLM' into container 'r' (FM-548)
Information: Loading new version of design '/SCMETRO_TSMC_CL013G_RVT_TT_1P2V_25C/MX4X1M' into container 'r' (FM-548)
Information: Loading new version of design '/SCMETRO_TSMC_CL013G_RVT_TT_1P2V_25C/MX4X2M' into container 'r' (FM-548)
Information: Loading new version of design '/SCMETRO_TSMC_CL013G_RVT_TT_1P2V_25C/MX4X4M' into container 'r' (FM-548)
Information: Loading new version of design '/SCMETRO_TSMC_CL013G_RVT_TT_1P2V_25C/MX4X8M' into container 'r' (FM-548)
Information: Loading new version of design '/SCMETRO_TSMC_CL013G_RVT_TT_1P2V_25C/MX4XLM' into container 'r' (FM-548)
Information: Loading new version of design '/SCMETRO_TSMC_CL013G_RVT_TT_1P2V_25C/MXI2DX1M' into container 'r' (FM-548)
Information: Loading new version of design '/SCMETRO_TSMC_CL013G_RVT_TT_1P2V_25C/MXI2DX2M' into container 'r' (FM-548)
Information: Loading new version of design '/SCMETRO_TSMC_CL013G_RVT_TT_1P2V_25C/MXI2DX4M' into container 'r' (FM-548)
Information: Loading new version of design '/SCMETRO_TSMC_CL013G_RVT_TT_1P2V_25C/MXI2DX8M' into container 'r' (FM-548)
Information: Loading new version of design '/SCMETRO_TSMC_CL013G_RVT_TT_1P2V_25C/MXI2DXLM' into container 'r' (FM-548)
Information: Loading new version of design '/SCMETRO_TSMC_CL013G_RVT_TT_1P2V_25C/MXI2X12M' into container 'r' (FM-548)
Information: Loading new version of design '/SCMETRO_TSMC_CL013G_RVT_TT_1P2V_25C/MXI2X1M' into container 'r' (FM-548)
Information: Loading new version of design '/SCMETRO_TSMC_CL013G_RVT_TT_1P2V_25C/MXI2X2M' into container 'r' (FM-548)
Information: Loading new version of design '/SCMETRO_TSMC_CL013G_RVT_TT_1P2V_25C/MXI2X3M' into container 'r' (FM-548)
Information: Loading new version of design '/SCMETRO_TSMC_CL013G_RVT_TT_1P2V_25C/MXI2X4M' into container 'r' (FM-548)
Information: Loading new version of design '/SCMETRO_TSMC_CL013G_RVT_TT_1P2V_25C/MXI2X6M' into container 'r' (FM-548)
Information: Loading new version of design '/SCMETRO_TSMC_CL013G_RVT_TT_1P2V_25C/MXI2X8M' into container 'r' (FM-548)
Information: Loading new version of design '/SCMETRO_TSMC_CL013G_RVT_TT_1P2V_25C/MXI2XLM' into container 'r' (FM-548)
Information: Loading new version of design '/SCMETRO_TSMC_CL013G_RVT_TT_1P2V_25C/MXI3X1M' into container 'r' (FM-548)
Information: Loading new version of design '/SCMETRO_TSMC_CL013G_RVT_TT_1P2V_25C/MXI3X2M' into container 'r' (FM-548)
Information: Loading new version of design '/SCMETRO_TSMC_CL013G_RVT_TT_1P2V_25C/MXI3X4M' into container 'r' (FM-548)
Information: Loading new version of design '/SCMETRO_TSMC_CL013G_RVT_TT_1P2V_25C/MXI3X8M' into container 'r' (FM-548)
Information: Loading new version of design '/SCMETRO_TSMC_CL013G_RVT_TT_1P2V_25C/MXI3XLM' into container 'r' (FM-548)
Information: Loading new version of design '/SCMETRO_TSMC_CL013G_RVT_TT_1P2V_25C/MXI4X1M' into container 'r' (FM-548)
Information: Loading new version of design '/SCMETRO_TSMC_CL013G_RVT_TT_1P2V_25C/MXI4X2M' into container 'r' (FM-548)
Information: Loading new version of design '/SCMETRO_TSMC_CL013G_RVT_TT_1P2V_25C/MXI4X4M' into container 'r' (FM-548)
Information: Loading new version of design '/SCMETRO_TSMC_CL013G_RVT_TT_1P2V_25C/MXI4X8M' into container 'r' (FM-548)
Information: Loading new version of design '/SCMETRO_TSMC_CL013G_RVT_TT_1P2V_25C/MXI4XLM' into container 'r' (FM-548)
Information: Loading new version of design '/SCMETRO_TSMC_CL013G_RVT_TT_1P2V_25C/NAND2BX12M' into container 'r' (FM-548)
Information: Loading new version of design '/SCMETRO_TSMC_CL013G_RVT_TT_1P2V_25C/NAND2BX1M' into container 'r' (FM-548)
Information: Loading new version of design '/SCMETRO_TSMC_CL013G_RVT_TT_1P2V_25C/NAND2BX2M' into container 'r' (FM-548)
Information: Loading new version of design '/SCMETRO_TSMC_CL013G_RVT_TT_1P2V_25C/NAND2BX4M' into container 'r' (FM-548)
Information: Loading new version of design '/SCMETRO_TSMC_CL013G_RVT_TT_1P2V_25C/NAND2BX8M' into container 'r' (FM-548)
Information: Loading new version of design '/SCMETRO_TSMC_CL013G_RVT_TT_1P2V_25C/NAND2BXLM' into container 'r' (FM-548)
Information: Loading new version of design '/SCMETRO_TSMC_CL013G_RVT_TT_1P2V_25C/NAND2X12M' into container 'r' (FM-548)
Information: Loading new version of design '/SCMETRO_TSMC_CL013G_RVT_TT_1P2V_25C/NAND2X1M' into container 'r' (FM-548)
Information: Loading new version of design '/SCMETRO_TSMC_CL013G_RVT_TT_1P2V_25C/NAND2X2M' into container 'r' (FM-548)
Information: Loading new version of design '/SCMETRO_TSMC_CL013G_RVT_TT_1P2V_25C/NAND2X3M' into container 'r' (FM-548)
Information: Loading new version of design '/SCMETRO_TSMC_CL013G_RVT_TT_1P2V_25C/NAND2X4M' into container 'r' (FM-548)
Information: Loading new version of design '/SCMETRO_TSMC_CL013G_RVT_TT_1P2V_25C/NAND2X5M' into container 'r' (FM-548)
Information: Loading new version of design '/SCMETRO_TSMC_CL013G_RVT_TT_1P2V_25C/NAND2X6M' into container 'r' (FM-548)
Information: Loading new version of design '/SCMETRO_TSMC_CL013G_RVT_TT_1P2V_25C/NAND2X8M' into container 'r' (FM-548)
Information: Loading new version of design '/SCMETRO_TSMC_CL013G_RVT_TT_1P2V_25C/NAND2XLM' into container 'r' (FM-548)
Information: Loading new version of design '/SCMETRO_TSMC_CL013G_RVT_TT_1P2V_25C/NAND3BX1M' into container 'r' (FM-548)
Information: Loading new version of design '/SCMETRO_TSMC_CL013G_RVT_TT_1P2V_25C/NAND3BX2M' into container 'r' (FM-548)
Information: Loading new version of design '/SCMETRO_TSMC_CL013G_RVT_TT_1P2V_25C/NAND3BX4M' into container 'r' (FM-548)
Information: Loading new version of design '/SCMETRO_TSMC_CL013G_RVT_TT_1P2V_25C/NAND3BXLM' into container 'r' (FM-548)
Information: Loading new version of design '/SCMETRO_TSMC_CL013G_RVT_TT_1P2V_25C/NAND3X12M' into container 'r' (FM-548)
Information: Loading new version of design '/SCMETRO_TSMC_CL013G_RVT_TT_1P2V_25C/NAND3X1M' into container 'r' (FM-548)
Information: Loading new version of design '/SCMETRO_TSMC_CL013G_RVT_TT_1P2V_25C/NAND3X2M' into container 'r' (FM-548)
Information: Loading new version of design '/SCMETRO_TSMC_CL013G_RVT_TT_1P2V_25C/NAND3X3M' into container 'r' (FM-548)
Information: Loading new version of design '/SCMETRO_TSMC_CL013G_RVT_TT_1P2V_25C/NAND3X4M' into container 'r' (FM-548)
Information: Loading new version of design '/SCMETRO_TSMC_CL013G_RVT_TT_1P2V_25C/NAND3X6M' into container 'r' (FM-548)
Information: Loading new version of design '/SCMETRO_TSMC_CL013G_RVT_TT_1P2V_25C/NAND3X8M' into container 'r' (FM-548)
Information: Loading new version of design '/SCMETRO_TSMC_CL013G_RVT_TT_1P2V_25C/NAND3XLM' into container 'r' (FM-548)
Information: Loading new version of design '/SCMETRO_TSMC_CL013G_RVT_TT_1P2V_25C/NAND4BBX1M' into container 'r' (FM-548)
Information: Loading new version of design '/SCMETRO_TSMC_CL013G_RVT_TT_1P2V_25C/NAND4BBX2M' into container 'r' (FM-548)
Information: Loading new version of design '/SCMETRO_TSMC_CL013G_RVT_TT_1P2V_25C/NAND4BBX4M' into container 'r' (FM-548)
Information: Loading new version of design '/SCMETRO_TSMC_CL013G_RVT_TT_1P2V_25C/NAND4BBXLM' into container 'r' (FM-548)
Information: Loading new version of design '/SCMETRO_TSMC_CL013G_RVT_TT_1P2V_25C/NAND4BX1M' into container 'r' (FM-548)
Information: Loading new version of design '/SCMETRO_TSMC_CL013G_RVT_TT_1P2V_25C/NAND4BX2M' into container 'r' (FM-548)
Information: Loading new version of design '/SCMETRO_TSMC_CL013G_RVT_TT_1P2V_25C/NAND4BX4M' into container 'r' (FM-548)
Information: Loading new version of design '/SCMETRO_TSMC_CL013G_RVT_TT_1P2V_25C/NAND4BXLM' into container 'r' (FM-548)
Information: Loading new version of design '/SCMETRO_TSMC_CL013G_RVT_TT_1P2V_25C/NAND4X12M' into container 'r' (FM-548)
Information: Loading new version of design '/SCMETRO_TSMC_CL013G_RVT_TT_1P2V_25C/NAND4X1M' into container 'r' (FM-548)
Information: Loading new version of design '/SCMETRO_TSMC_CL013G_RVT_TT_1P2V_25C/NAND4X2M' into container 'r' (FM-548)
Information: Loading new version of design '/SCMETRO_TSMC_CL013G_RVT_TT_1P2V_25C/NAND4X4M' into container 'r' (FM-548)
Information: Loading new version of design '/SCMETRO_TSMC_CL013G_RVT_TT_1P2V_25C/NAND4X6M' into container 'r' (FM-548)
Information: Loading new version of design '/SCMETRO_TSMC_CL013G_RVT_TT_1P2V_25C/NAND4X8M' into container 'r' (FM-548)
Information: Loading new version of design '/SCMETRO_TSMC_CL013G_RVT_TT_1P2V_25C/NAND4XLM' into container 'r' (FM-548)
Information: Loading new version of design '/SCMETRO_TSMC_CL013G_RVT_TT_1P2V_25C/NOR2BX12M' into container 'r' (FM-548)
Information: Loading new version of design '/SCMETRO_TSMC_CL013G_RVT_TT_1P2V_25C/NOR2BX1M' into container 'r' (FM-548)
Information: Loading new version of design '/SCMETRO_TSMC_CL013G_RVT_TT_1P2V_25C/NOR2BX2M' into container 'r' (FM-548)
Information: Loading new version of design '/SCMETRO_TSMC_CL013G_RVT_TT_1P2V_25C/NOR2BX4M' into container 'r' (FM-548)
Information: Loading new version of design '/SCMETRO_TSMC_CL013G_RVT_TT_1P2V_25C/NOR2BX8M' into container 'r' (FM-548)
Information: Loading new version of design '/SCMETRO_TSMC_CL013G_RVT_TT_1P2V_25C/NOR2BXLM' into container 'r' (FM-548)
Information: Loading new version of design '/SCMETRO_TSMC_CL013G_RVT_TT_1P2V_25C/NOR2X12M' into container 'r' (FM-548)
Information: Loading new version of design '/SCMETRO_TSMC_CL013G_RVT_TT_1P2V_25C/NOR2X1M' into container 'r' (FM-548)
Information: Loading new version of design '/SCMETRO_TSMC_CL013G_RVT_TT_1P2V_25C/NOR2X2M' into container 'r' (FM-548)
Information: Loading new version of design '/SCMETRO_TSMC_CL013G_RVT_TT_1P2V_25C/NOR2X3M' into container 'r' (FM-548)
Information: Loading new version of design '/SCMETRO_TSMC_CL013G_RVT_TT_1P2V_25C/NOR2X4M' into container 'r' (FM-548)
Information: Loading new version of design '/SCMETRO_TSMC_CL013G_RVT_TT_1P2V_25C/NOR2X5M' into container 'r' (FM-548)
Information: Loading new version of design '/SCMETRO_TSMC_CL013G_RVT_TT_1P2V_25C/NOR2X6M' into container 'r' (FM-548)
Information: Loading new version of design '/SCMETRO_TSMC_CL013G_RVT_TT_1P2V_25C/NOR2X8M' into container 'r' (FM-548)
Information: Loading new version of design '/SCMETRO_TSMC_CL013G_RVT_TT_1P2V_25C/NOR2XLM' into container 'r' (FM-548)
Information: Loading new version of design '/SCMETRO_TSMC_CL013G_RVT_TT_1P2V_25C/NOR3BX1M' into container 'r' (FM-548)
Information: Loading new version of design '/SCMETRO_TSMC_CL013G_RVT_TT_1P2V_25C/NOR3BX2M' into container 'r' (FM-548)
Information: Loading new version of design '/SCMETRO_TSMC_CL013G_RVT_TT_1P2V_25C/NOR3BX4M' into container 'r' (FM-548)
Information: Loading new version of design '/SCMETRO_TSMC_CL013G_RVT_TT_1P2V_25C/NOR3BXLM' into container 'r' (FM-548)
Information: Loading new version of design '/SCMETRO_TSMC_CL013G_RVT_TT_1P2V_25C/NOR3X12M' into container 'r' (FM-548)
Information: Loading new version of design '/SCMETRO_TSMC_CL013G_RVT_TT_1P2V_25C/NOR3X1M' into container 'r' (FM-548)
Information: Loading new version of design '/SCMETRO_TSMC_CL013G_RVT_TT_1P2V_25C/NOR3X2M' into container 'r' (FM-548)
Information: Loading new version of design '/SCMETRO_TSMC_CL013G_RVT_TT_1P2V_25C/NOR3X4M' into container 'r' (FM-548)
Information: Loading new version of design '/SCMETRO_TSMC_CL013G_RVT_TT_1P2V_25C/NOR3X6M' into container 'r' (FM-548)
Information: Loading new version of design '/SCMETRO_TSMC_CL013G_RVT_TT_1P2V_25C/NOR3X8M' into container 'r' (FM-548)
Information: Loading new version of design '/SCMETRO_TSMC_CL013G_RVT_TT_1P2V_25C/NOR3XLM' into container 'r' (FM-548)
Information: Loading new version of design '/SCMETRO_TSMC_CL013G_RVT_TT_1P2V_25C/NOR4BBX1M' into container 'r' (FM-548)
Information: Loading new version of design '/SCMETRO_TSMC_CL013G_RVT_TT_1P2V_25C/NOR4BBX2M' into container 'r' (FM-548)
Information: Loading new version of design '/SCMETRO_TSMC_CL013G_RVT_TT_1P2V_25C/NOR4BBX4M' into container 'r' (FM-548)
Information: Loading new version of design '/SCMETRO_TSMC_CL013G_RVT_TT_1P2V_25C/NOR4BBXLM' into container 'r' (FM-548)
Information: Loading new version of design '/SCMETRO_TSMC_CL013G_RVT_TT_1P2V_25C/NOR4BX1M' into container 'r' (FM-548)
Information: Loading new version of design '/SCMETRO_TSMC_CL013G_RVT_TT_1P2V_25C/NOR4BX2M' into container 'r' (FM-548)
Information: Loading new version of design '/SCMETRO_TSMC_CL013G_RVT_TT_1P2V_25C/NOR4BX4M' into container 'r' (FM-548)
Information: Loading new version of design '/SCMETRO_TSMC_CL013G_RVT_TT_1P2V_25C/NOR4BXLM' into container 'r' (FM-548)
Information: Loading new version of design '/SCMETRO_TSMC_CL013G_RVT_TT_1P2V_25C/NOR4X12M' into container 'r' (FM-548)
Information: Loading new version of design '/SCMETRO_TSMC_CL013G_RVT_TT_1P2V_25C/NOR4X1M' into container 'r' (FM-548)
Information: Loading new version of design '/SCMETRO_TSMC_CL013G_RVT_TT_1P2V_25C/NOR4X2M' into container 'r' (FM-548)
Information: Loading new version of design '/SCMETRO_TSMC_CL013G_RVT_TT_1P2V_25C/NOR4X4M' into container 'r' (FM-548)
Information: Loading new version of design '/SCMETRO_TSMC_CL013G_RVT_TT_1P2V_25C/NOR4X6M' into container 'r' (FM-548)
Information: Loading new version of design '/SCMETRO_TSMC_CL013G_RVT_TT_1P2V_25C/NOR4X8M' into container 'r' (FM-548)
Information: Loading new version of design '/SCMETRO_TSMC_CL013G_RVT_TT_1P2V_25C/NOR4XLM' into container 'r' (FM-548)
Information: Loading new version of design '/SCMETRO_TSMC_CL013G_RVT_TT_1P2V_25C/OA21X1M' into container 'r' (FM-548)
Information: Loading new version of design '/SCMETRO_TSMC_CL013G_RVT_TT_1P2V_25C/OA21X2M' into container 'r' (FM-548)
Information: Loading new version of design '/SCMETRO_TSMC_CL013G_RVT_TT_1P2V_25C/OA21X4M' into container 'r' (FM-548)
Information: Loading new version of design '/SCMETRO_TSMC_CL013G_RVT_TT_1P2V_25C/OA21X8M' into container 'r' (FM-548)
Information: Loading new version of design '/SCMETRO_TSMC_CL013G_RVT_TT_1P2V_25C/OA21XLM' into container 'r' (FM-548)
Information: Loading new version of design '/SCMETRO_TSMC_CL013G_RVT_TT_1P2V_25C/OA22X1M' into container 'r' (FM-548)
Information: Loading new version of design '/SCMETRO_TSMC_CL013G_RVT_TT_1P2V_25C/OA22X2M' into container 'r' (FM-548)
Information: Loading new version of design '/SCMETRO_TSMC_CL013G_RVT_TT_1P2V_25C/OA22X4M' into container 'r' (FM-548)
Information: Loading new version of design '/SCMETRO_TSMC_CL013G_RVT_TT_1P2V_25C/OA22X8M' into container 'r' (FM-548)
Information: Loading new version of design '/SCMETRO_TSMC_CL013G_RVT_TT_1P2V_25C/OA22XLM' into container 'r' (FM-548)
Information: Loading new version of design '/SCMETRO_TSMC_CL013G_RVT_TT_1P2V_25C/OAI211X1M' into container 'r' (FM-548)
Information: Loading new version of design '/SCMETRO_TSMC_CL013G_RVT_TT_1P2V_25C/OAI211X2M' into container 'r' (FM-548)
Information: Loading new version of design '/SCMETRO_TSMC_CL013G_RVT_TT_1P2V_25C/OAI211X4M' into container 'r' (FM-548)
Information: Loading new version of design '/SCMETRO_TSMC_CL013G_RVT_TT_1P2V_25C/OAI211X8M' into container 'r' (FM-548)
Information: Loading new version of design '/SCMETRO_TSMC_CL013G_RVT_TT_1P2V_25C/OAI211XLM' into container 'r' (FM-548)
Information: Loading new version of design '/SCMETRO_TSMC_CL013G_RVT_TT_1P2V_25C/OAI21BX1M' into container 'r' (FM-548)
Information: Loading new version of design '/SCMETRO_TSMC_CL013G_RVT_TT_1P2V_25C/OAI21BX2M' into container 'r' (FM-548)
Information: Loading new version of design '/SCMETRO_TSMC_CL013G_RVT_TT_1P2V_25C/OAI21BX4M' into container 'r' (FM-548)
Information: Loading new version of design '/SCMETRO_TSMC_CL013G_RVT_TT_1P2V_25C/OAI21BX8M' into container 'r' (FM-548)
Information: Loading new version of design '/SCMETRO_TSMC_CL013G_RVT_TT_1P2V_25C/OAI21BXLM' into container 'r' (FM-548)
Information: Loading new version of design '/SCMETRO_TSMC_CL013G_RVT_TT_1P2V_25C/OAI21X1M' into container 'r' (FM-548)
Information: Loading new version of design '/SCMETRO_TSMC_CL013G_RVT_TT_1P2V_25C/OAI21X2M' into container 'r' (FM-548)
Information: Loading new version of design '/SCMETRO_TSMC_CL013G_RVT_TT_1P2V_25C/OAI21X3M' into container 'r' (FM-548)
Information: Loading new version of design '/SCMETRO_TSMC_CL013G_RVT_TT_1P2V_25C/OAI21X4M' into container 'r' (FM-548)
Information: Loading new version of design '/SCMETRO_TSMC_CL013G_RVT_TT_1P2V_25C/OAI21X6M' into container 'r' (FM-548)
Information: Loading new version of design '/SCMETRO_TSMC_CL013G_RVT_TT_1P2V_25C/OAI21X8M' into container 'r' (FM-548)
Information: Loading new version of design '/SCMETRO_TSMC_CL013G_RVT_TT_1P2V_25C/OAI21XLM' into container 'r' (FM-548)
Information: Loading new version of design '/SCMETRO_TSMC_CL013G_RVT_TT_1P2V_25C/OAI221X1M' into container 'r' (FM-548)
Information: Loading new version of design '/SCMETRO_TSMC_CL013G_RVT_TT_1P2V_25C/OAI221X2M' into container 'r' (FM-548)
Information: Loading new version of design '/SCMETRO_TSMC_CL013G_RVT_TT_1P2V_25C/OAI221X4M' into container 'r' (FM-548)
Information: Loading new version of design '/SCMETRO_TSMC_CL013G_RVT_TT_1P2V_25C/OAI221XLM' into container 'r' (FM-548)
Information: Loading new version of design '/SCMETRO_TSMC_CL013G_RVT_TT_1P2V_25C/OAI222X1M' into container 'r' (FM-548)
Information: Loading new version of design '/SCMETRO_TSMC_CL013G_RVT_TT_1P2V_25C/OAI222X2M' into container 'r' (FM-548)
Information: Loading new version of design '/SCMETRO_TSMC_CL013G_RVT_TT_1P2V_25C/OAI222X4M' into container 'r' (FM-548)
Information: Loading new version of design '/SCMETRO_TSMC_CL013G_RVT_TT_1P2V_25C/OAI222XLM' into container 'r' (FM-548)
Information: Loading new version of design '/SCMETRO_TSMC_CL013G_RVT_TT_1P2V_25C/OAI22X1M' into container 'r' (FM-548)
Information: Loading new version of design '/SCMETRO_TSMC_CL013G_RVT_TT_1P2V_25C/OAI22X2M' into container 'r' (FM-548)
Information: Loading new version of design '/SCMETRO_TSMC_CL013G_RVT_TT_1P2V_25C/OAI22X4M' into container 'r' (FM-548)
Information: Loading new version of design '/SCMETRO_TSMC_CL013G_RVT_TT_1P2V_25C/OAI22X8M' into container 'r' (FM-548)
Information: Loading new version of design '/SCMETRO_TSMC_CL013G_RVT_TT_1P2V_25C/OAI22XLM' into container 'r' (FM-548)
Information: Loading new version of design '/SCMETRO_TSMC_CL013G_RVT_TT_1P2V_25C/OAI2B11X1M' into container 'r' (FM-548)
Information: Loading new version of design '/SCMETRO_TSMC_CL013G_RVT_TT_1P2V_25C/OAI2B11X2M' into container 'r' (FM-548)
Information: Loading new version of design '/SCMETRO_TSMC_CL013G_RVT_TT_1P2V_25C/OAI2B11X4M' into container 'r' (FM-548)
Information: Loading new version of design '/SCMETRO_TSMC_CL013G_RVT_TT_1P2V_25C/OAI2B11XLM' into container 'r' (FM-548)
Information: Loading new version of design '/SCMETRO_TSMC_CL013G_RVT_TT_1P2V_25C/OAI2B1X1M' into container 'r' (FM-548)
Information: Loading new version of design '/SCMETRO_TSMC_CL013G_RVT_TT_1P2V_25C/OAI2B1X2M' into container 'r' (FM-548)
Information: Loading new version of design '/SCMETRO_TSMC_CL013G_RVT_TT_1P2V_25C/OAI2B1X4M' into container 'r' (FM-548)
Information: Loading new version of design '/SCMETRO_TSMC_CL013G_RVT_TT_1P2V_25C/OAI2B1X8M' into container 'r' (FM-548)
Information: Loading new version of design '/SCMETRO_TSMC_CL013G_RVT_TT_1P2V_25C/OAI2B1XLM' into container 'r' (FM-548)
Information: Loading new version of design '/SCMETRO_TSMC_CL013G_RVT_TT_1P2V_25C/OAI2B2X1M' into container 'r' (FM-548)
Information: Loading new version of design '/SCMETRO_TSMC_CL013G_RVT_TT_1P2V_25C/OAI2B2X2M' into container 'r' (FM-548)
Information: Loading new version of design '/SCMETRO_TSMC_CL013G_RVT_TT_1P2V_25C/OAI2B2X4M' into container 'r' (FM-548)
Information: Loading new version of design '/SCMETRO_TSMC_CL013G_RVT_TT_1P2V_25C/OAI2B2X8M' into container 'r' (FM-548)
Information: Loading new version of design '/SCMETRO_TSMC_CL013G_RVT_TT_1P2V_25C/OAI2B2XLM' into container 'r' (FM-548)
Information: Loading new version of design '/SCMETRO_TSMC_CL013G_RVT_TT_1P2V_25C/OAI2BB1X1M' into container 'r' (FM-548)
Information: Loading new version of design '/SCMETRO_TSMC_CL013G_RVT_TT_1P2V_25C/OAI2BB1X2M' into container 'r' (FM-548)
Information: Loading new version of design '/SCMETRO_TSMC_CL013G_RVT_TT_1P2V_25C/OAI2BB1X4M' into container 'r' (FM-548)
Information: Loading new version of design '/SCMETRO_TSMC_CL013G_RVT_TT_1P2V_25C/OAI2BB1XLM' into container 'r' (FM-548)
Information: Loading new version of design '/SCMETRO_TSMC_CL013G_RVT_TT_1P2V_25C/OAI2BB2X1M' into container 'r' (FM-548)
Information: Loading new version of design '/SCMETRO_TSMC_CL013G_RVT_TT_1P2V_25C/OAI2BB2X2M' into container 'r' (FM-548)
Information: Loading new version of design '/SCMETRO_TSMC_CL013G_RVT_TT_1P2V_25C/OAI2BB2X4M' into container 'r' (FM-548)
Information: Loading new version of design '/SCMETRO_TSMC_CL013G_RVT_TT_1P2V_25C/OAI2BB2X8M' into container 'r' (FM-548)
Information: Loading new version of design '/SCMETRO_TSMC_CL013G_RVT_TT_1P2V_25C/OAI2BB2XLM' into container 'r' (FM-548)
Information: Loading new version of design '/SCMETRO_TSMC_CL013G_RVT_TT_1P2V_25C/OAI31X1M' into container 'r' (FM-548)
Information: Loading new version of design '/SCMETRO_TSMC_CL013G_RVT_TT_1P2V_25C/OAI31X2M' into container 'r' (FM-548)
Information: Loading new version of design '/SCMETRO_TSMC_CL013G_RVT_TT_1P2V_25C/OAI31X4M' into container 'r' (FM-548)
Information: Loading new version of design '/SCMETRO_TSMC_CL013G_RVT_TT_1P2V_25C/OAI31XLM' into container 'r' (FM-548)
Information: Loading new version of design '/SCMETRO_TSMC_CL013G_RVT_TT_1P2V_25C/OAI32X1M' into container 'r' (FM-548)
Information: Loading new version of design '/SCMETRO_TSMC_CL013G_RVT_TT_1P2V_25C/OAI32X2M' into container 'r' (FM-548)
Information: Loading new version of design '/SCMETRO_TSMC_CL013G_RVT_TT_1P2V_25C/OAI32X4M' into container 'r' (FM-548)
Information: Loading new version of design '/SCMETRO_TSMC_CL013G_RVT_TT_1P2V_25C/OAI32XLM' into container 'r' (FM-548)
Information: Loading new version of design '/SCMETRO_TSMC_CL013G_RVT_TT_1P2V_25C/OAI33X1M' into container 'r' (FM-548)
Information: Loading new version of design '/SCMETRO_TSMC_CL013G_RVT_TT_1P2V_25C/OAI33X2M' into container 'r' (FM-548)
Information: Loading new version of design '/SCMETRO_TSMC_CL013G_RVT_TT_1P2V_25C/OAI33X4M' into container 'r' (FM-548)
Information: Loading new version of design '/SCMETRO_TSMC_CL013G_RVT_TT_1P2V_25C/OAI33XLM' into container 'r' (FM-548)
Information: Loading new version of design '/SCMETRO_TSMC_CL013G_RVT_TT_1P2V_25C/OR2X12M' into container 'r' (FM-548)
Information: Loading new version of design '/SCMETRO_TSMC_CL013G_RVT_TT_1P2V_25C/OR2X1M' into container 'r' (FM-548)
Information: Loading new version of design '/SCMETRO_TSMC_CL013G_RVT_TT_1P2V_25C/OR2X2M' into container 'r' (FM-548)
Information: Loading new version of design '/SCMETRO_TSMC_CL013G_RVT_TT_1P2V_25C/OR2X4M' into container 'r' (FM-548)
Information: Loading new version of design '/SCMETRO_TSMC_CL013G_RVT_TT_1P2V_25C/OR2X6M' into container 'r' (FM-548)
Information: Loading new version of design '/SCMETRO_TSMC_CL013G_RVT_TT_1P2V_25C/OR2X8M' into container 'r' (FM-548)
Information: Loading new version of design '/SCMETRO_TSMC_CL013G_RVT_TT_1P2V_25C/OR3X12M' into container 'r' (FM-548)
Information: Loading new version of design '/SCMETRO_TSMC_CL013G_RVT_TT_1P2V_25C/OR3X1M' into container 'r' (FM-548)
Information: Loading new version of design '/SCMETRO_TSMC_CL013G_RVT_TT_1P2V_25C/OR3X2M' into container 'r' (FM-548)
Information: Loading new version of design '/SCMETRO_TSMC_CL013G_RVT_TT_1P2V_25C/OR3X4M' into container 'r' (FM-548)
Information: Loading new version of design '/SCMETRO_TSMC_CL013G_RVT_TT_1P2V_25C/OR3X6M' into container 'r' (FM-548)
Information: Loading new version of design '/SCMETRO_TSMC_CL013G_RVT_TT_1P2V_25C/OR3X8M' into container 'r' (FM-548)
Information: Loading new version of design '/SCMETRO_TSMC_CL013G_RVT_TT_1P2V_25C/OR4X12M' into container 'r' (FM-548)
Information: Loading new version of design '/SCMETRO_TSMC_CL013G_RVT_TT_1P2V_25C/OR4X1M' into container 'r' (FM-548)
Information: Loading new version of design '/SCMETRO_TSMC_CL013G_RVT_TT_1P2V_25C/OR4X2M' into container 'r' (FM-548)
Information: Loading new version of design '/SCMETRO_TSMC_CL013G_RVT_TT_1P2V_25C/OR4X4M' into container 'r' (FM-548)
Information: Loading new version of design '/SCMETRO_TSMC_CL013G_RVT_TT_1P2V_25C/OR4X6M' into container 'r' (FM-548)
Information: Loading new version of design '/SCMETRO_TSMC_CL013G_RVT_TT_1P2V_25C/OR4X8M' into container 'r' (FM-548)
Information: Loading new version of design '/SCMETRO_TSMC_CL013G_RVT_TT_1P2V_25C/SDFFHQNX1M' into container 'r' (FM-548)
Information: Loading new version of design '/SCMETRO_TSMC_CL013G_RVT_TT_1P2V_25C/SDFFHQNX2M' into container 'r' (FM-548)
Information: Loading new version of design '/SCMETRO_TSMC_CL013G_RVT_TT_1P2V_25C/SDFFHQNX4M' into container 'r' (FM-548)
Information: Loading new version of design '/SCMETRO_TSMC_CL013G_RVT_TT_1P2V_25C/SDFFHQNX8M' into container 'r' (FM-548)
Information: Loading new version of design '/SCMETRO_TSMC_CL013G_RVT_TT_1P2V_25C/SDFFHQX1M' into container 'r' (FM-548)
Information: Loading new version of design '/SCMETRO_TSMC_CL013G_RVT_TT_1P2V_25C/SDFFHQX2M' into container 'r' (FM-548)
Information: Loading new version of design '/SCMETRO_TSMC_CL013G_RVT_TT_1P2V_25C/SDFFHQX4M' into container 'r' (FM-548)
Information: Loading new version of design '/SCMETRO_TSMC_CL013G_RVT_TT_1P2V_25C/SDFFHQX8M' into container 'r' (FM-548)
Information: Loading new version of design '/SCMETRO_TSMC_CL013G_RVT_TT_1P2V_25C/SDFFHX1M' into container 'r' (FM-548)
Information: Loading new version of design '/SCMETRO_TSMC_CL013G_RVT_TT_1P2V_25C/SDFFHX2M' into container 'r' (FM-548)
Information: Loading new version of design '/SCMETRO_TSMC_CL013G_RVT_TT_1P2V_25C/SDFFHX4M' into container 'r' (FM-548)
Information: Loading new version of design '/SCMETRO_TSMC_CL013G_RVT_TT_1P2V_25C/SDFFHX8M' into container 'r' (FM-548)
Information: Loading new version of design '/SCMETRO_TSMC_CL013G_RVT_TT_1P2V_25C/SDFFNHX1M' into container 'r' (FM-548)
Information: Loading new version of design '/SCMETRO_TSMC_CL013G_RVT_TT_1P2V_25C/SDFFNHX2M' into container 'r' (FM-548)
Information: Loading new version of design '/SCMETRO_TSMC_CL013G_RVT_TT_1P2V_25C/SDFFNHX4M' into container 'r' (FM-548)
Information: Loading new version of design '/SCMETRO_TSMC_CL013G_RVT_TT_1P2V_25C/SDFFNHX8M' into container 'r' (FM-548)
Information: Loading new version of design '/SCMETRO_TSMC_CL013G_RVT_TT_1P2V_25C/SDFFNSRHX1M' into container 'r' (FM-548)
Information: Loading new version of design '/SCMETRO_TSMC_CL013G_RVT_TT_1P2V_25C/SDFFNSRHX2M' into container 'r' (FM-548)
Information: Loading new version of design '/SCMETRO_TSMC_CL013G_RVT_TT_1P2V_25C/SDFFNSRHX4M' into container 'r' (FM-548)
Information: Loading new version of design '/SCMETRO_TSMC_CL013G_RVT_TT_1P2V_25C/SDFFNSRHX8M' into container 'r' (FM-548)
Information: Loading new version of design '/SCMETRO_TSMC_CL013G_RVT_TT_1P2V_25C/SDFFQNX1M' into container 'r' (FM-548)
Information: Loading new version of design '/SCMETRO_TSMC_CL013G_RVT_TT_1P2V_25C/SDFFQNX2M' into container 'r' (FM-548)
Information: Loading new version of design '/SCMETRO_TSMC_CL013G_RVT_TT_1P2V_25C/SDFFQNX4M' into container 'r' (FM-548)
Information: Loading new version of design '/SCMETRO_TSMC_CL013G_RVT_TT_1P2V_25C/SDFFQX1M' into container 'r' (FM-548)
Information: Loading new version of design '/SCMETRO_TSMC_CL013G_RVT_TT_1P2V_25C/SDFFQX2M' into container 'r' (FM-548)
Information: Loading new version of design '/SCMETRO_TSMC_CL013G_RVT_TT_1P2V_25C/SDFFQX4M' into container 'r' (FM-548)
Information: Loading new version of design '/SCMETRO_TSMC_CL013G_RVT_TT_1P2V_25C/SDFFRHQX1M' into container 'r' (FM-548)
Information: Loading new version of design '/SCMETRO_TSMC_CL013G_RVT_TT_1P2V_25C/SDFFRHQX2M' into container 'r' (FM-548)
Information: Loading new version of design '/SCMETRO_TSMC_CL013G_RVT_TT_1P2V_25C/SDFFRHQX4M' into container 'r' (FM-548)
Information: Loading new version of design '/SCMETRO_TSMC_CL013G_RVT_TT_1P2V_25C/SDFFRHQX8M' into container 'r' (FM-548)
Information: Loading new version of design '/SCMETRO_TSMC_CL013G_RVT_TT_1P2V_25C/SDFFRQX1M' into container 'r' (FM-548)
Information: Loading new version of design '/SCMETRO_TSMC_CL013G_RVT_TT_1P2V_25C/SDFFRQX2M' into container 'r' (FM-548)
Information: Loading new version of design '/SCMETRO_TSMC_CL013G_RVT_TT_1P2V_25C/SDFFRQX4M' into container 'r' (FM-548)
Information: Loading new version of design '/SCMETRO_TSMC_CL013G_RVT_TT_1P2V_25C/SDFFRX1M' into container 'r' (FM-548)
Information: Loading new version of design '/SCMETRO_TSMC_CL013G_RVT_TT_1P2V_25C/SDFFRX2M' into container 'r' (FM-548)
Information: Loading new version of design '/SCMETRO_TSMC_CL013G_RVT_TT_1P2V_25C/SDFFRX4M' into container 'r' (FM-548)
Information: Loading new version of design '/SCMETRO_TSMC_CL013G_RVT_TT_1P2V_25C/SDFFSHQX1M' into container 'r' (FM-548)
Information: Loading new version of design '/SCMETRO_TSMC_CL013G_RVT_TT_1P2V_25C/SDFFSHQX2M' into container 'r' (FM-548)
Information: Loading new version of design '/SCMETRO_TSMC_CL013G_RVT_TT_1P2V_25C/SDFFSHQX4M' into container 'r' (FM-548)
Information: Loading new version of design '/SCMETRO_TSMC_CL013G_RVT_TT_1P2V_25C/SDFFSHQX8M' into container 'r' (FM-548)
Information: Loading new version of design '/SCMETRO_TSMC_CL013G_RVT_TT_1P2V_25C/SDFFSQX1M' into container 'r' (FM-548)
Information: Loading new version of design '/SCMETRO_TSMC_CL013G_RVT_TT_1P2V_25C/SDFFSQX2M' into container 'r' (FM-548)
Information: Loading new version of design '/SCMETRO_TSMC_CL013G_RVT_TT_1P2V_25C/SDFFSQX4M' into container 'r' (FM-548)
Information: Loading new version of design '/SCMETRO_TSMC_CL013G_RVT_TT_1P2V_25C/SDFFSRHQX1M' into container 'r' (FM-548)
Information: Loading new version of design '/SCMETRO_TSMC_CL013G_RVT_TT_1P2V_25C/SDFFSRHQX2M' into container 'r' (FM-548)
Information: Loading new version of design '/SCMETRO_TSMC_CL013G_RVT_TT_1P2V_25C/SDFFSRHQX4M' into container 'r' (FM-548)
Information: Loading new version of design '/SCMETRO_TSMC_CL013G_RVT_TT_1P2V_25C/SDFFSRHQX8M' into container 'r' (FM-548)
Information: Loading new version of design '/SCMETRO_TSMC_CL013G_RVT_TT_1P2V_25C/SDFFSRX1M' into container 'r' (FM-548)
Information: Loading new version of design '/SCMETRO_TSMC_CL013G_RVT_TT_1P2V_25C/SDFFSRX2M' into container 'r' (FM-548)
Information: Loading new version of design '/SCMETRO_TSMC_CL013G_RVT_TT_1P2V_25C/SDFFSRX4M' into container 'r' (FM-548)
Information: Loading new version of design '/SCMETRO_TSMC_CL013G_RVT_TT_1P2V_25C/SDFFSX1M' into container 'r' (FM-548)
Information: Loading new version of design '/SCMETRO_TSMC_CL013G_RVT_TT_1P2V_25C/SDFFSX2M' into container 'r' (FM-548)
Information: Loading new version of design '/SCMETRO_TSMC_CL013G_RVT_TT_1P2V_25C/SDFFSX4M' into container 'r' (FM-548)
Information: Loading new version of design '/SCMETRO_TSMC_CL013G_RVT_TT_1P2V_25C/SDFFTRX1M' into container 'r' (FM-548)
Information: Loading new version of design '/SCMETRO_TSMC_CL013G_RVT_TT_1P2V_25C/SDFFTRX2M' into container 'r' (FM-548)
Information: Loading new version of design '/SCMETRO_TSMC_CL013G_RVT_TT_1P2V_25C/SDFFTRX4M' into container 'r' (FM-548)
Information: Loading new version of design '/SCMETRO_TSMC_CL013G_RVT_TT_1P2V_25C/SDFFX1M' into container 'r' (FM-548)
Information: Loading new version of design '/SCMETRO_TSMC_CL013G_RVT_TT_1P2V_25C/SDFFX2M' into container 'r' (FM-548)
Information: Loading new version of design '/SCMETRO_TSMC_CL013G_RVT_TT_1P2V_25C/SDFFX4M' into container 'r' (FM-548)
Information: Loading new version of design '/SCMETRO_TSMC_CL013G_RVT_TT_1P2V_25C/SEDFFHQX1M' into container 'r' (FM-548)
Information: Loading new version of design '/SCMETRO_TSMC_CL013G_RVT_TT_1P2V_25C/SEDFFHQX2M' into container 'r' (FM-548)
Information: Loading new version of design '/SCMETRO_TSMC_CL013G_RVT_TT_1P2V_25C/SEDFFHQX4M' into container 'r' (FM-548)
Information: Loading new version of design '/SCMETRO_TSMC_CL013G_RVT_TT_1P2V_25C/SEDFFHQX8M' into container 'r' (FM-548)
Information: Loading new version of design '/SCMETRO_TSMC_CL013G_RVT_TT_1P2V_25C/SEDFFTRX1M' into container 'r' (FM-548)
Information: Loading new version of design '/SCMETRO_TSMC_CL013G_RVT_TT_1P2V_25C/SEDFFTRX2M' into container 'r' (FM-548)
Information: Loading new version of design '/SCMETRO_TSMC_CL013G_RVT_TT_1P2V_25C/SEDFFTRX4M' into container 'r' (FM-548)
Information: Loading new version of design '/SCMETRO_TSMC_CL013G_RVT_TT_1P2V_25C/SEDFFX1M' into container 'r' (FM-548)
Information: Loading new version of design '/SCMETRO_TSMC_CL013G_RVT_TT_1P2V_25C/SEDFFX2M' into container 'r' (FM-548)
Information: Loading new version of design '/SCMETRO_TSMC_CL013G_RVT_TT_1P2V_25C/SEDFFX4M' into container 'r' (FM-548)
Information: Loading new version of design '/SCMETRO_TSMC_CL013G_RVT_TT_1P2V_25C/SMDFFHQX1M' into container 'r' (FM-548)
Information: Loading new version of design '/SCMETRO_TSMC_CL013G_RVT_TT_1P2V_25C/SMDFFHQX2M' into container 'r' (FM-548)
Information: Loading new version of design '/SCMETRO_TSMC_CL013G_RVT_TT_1P2V_25C/SMDFFHQX4M' into container 'r' (FM-548)
Information: Loading new version of design '/SCMETRO_TSMC_CL013G_RVT_TT_1P2V_25C/SMDFFHQX8M' into container 'r' (FM-548)
Information: Loading new version of design '/SCMETRO_TSMC_CL013G_RVT_TT_1P2V_25C/TBUFX12M' into container 'r' (FM-548)
Information: Loading new version of design '/SCMETRO_TSMC_CL013G_RVT_TT_1P2V_25C/TBUFX16M' into container 'r' (FM-548)
Information: Loading new version of design '/SCMETRO_TSMC_CL013G_RVT_TT_1P2V_25C/TBUFX1M' into container 'r' (FM-548)
Information: Loading new version of design '/SCMETRO_TSMC_CL013G_RVT_TT_1P2V_25C/TBUFX20M' into container 'r' (FM-548)
Information: Loading new version of design '/SCMETRO_TSMC_CL013G_RVT_TT_1P2V_25C/TBUFX24M' into container 'r' (FM-548)
Information: Loading new version of design '/SCMETRO_TSMC_CL013G_RVT_TT_1P2V_25C/TBUFX2M' into container 'r' (FM-548)
Information: Loading new version of design '/SCMETRO_TSMC_CL013G_RVT_TT_1P2V_25C/TBUFX3M' into container 'r' (FM-548)
Information: Loading new version of design '/SCMETRO_TSMC_CL013G_RVT_TT_1P2V_25C/TBUFX4M' into container 'r' (FM-548)
Information: Loading new version of design '/SCMETRO_TSMC_CL013G_RVT_TT_1P2V_25C/TBUFX6M' into container 'r' (FM-548)
Information: Loading new version of design '/SCMETRO_TSMC_CL013G_RVT_TT_1P2V_25C/TBUFX8M' into container 'r' (FM-548)
Information: Loading new version of design '/SCMETRO_TSMC_CL013G_RVT_TT_1P2V_25C/TIEHIM' into container 'r' (FM-548)
Information: Loading new version of design '/SCMETRO_TSMC_CL013G_RVT_TT_1P2V_25C/TIELOM' into container 'r' (FM-548)
Information: Loading new version of design '/SCMETRO_TSMC_CL013G_RVT_TT_1P2V_25C/TLATNCAX12M' into container 'r' (FM-548)
Information: Loading new version of design '/SCMETRO_TSMC_CL013G_RVT_TT_1P2V_25C/TLATNCAX16M' into container 'r' (FM-548)
Information: Loading new version of design '/SCMETRO_TSMC_CL013G_RVT_TT_1P2V_25C/TLATNCAX20M' into container 'r' (FM-548)
Information: Loading new version of design '/SCMETRO_TSMC_CL013G_RVT_TT_1P2V_25C/TLATNCAX2M' into container 'r' (FM-548)
Information: Loading new version of design '/SCMETRO_TSMC_CL013G_RVT_TT_1P2V_25C/TLATNCAX3M' into container 'r' (FM-548)
Information: Loading new version of design '/SCMETRO_TSMC_CL013G_RVT_TT_1P2V_25C/TLATNCAX4M' into container 'r' (FM-548)
Information: Loading new version of design '/SCMETRO_TSMC_CL013G_RVT_TT_1P2V_25C/TLATNCAX6M' into container 'r' (FM-548)
Information: Loading new version of design '/SCMETRO_TSMC_CL013G_RVT_TT_1P2V_25C/TLATNCAX8M' into container 'r' (FM-548)
Information: Loading new version of design '/SCMETRO_TSMC_CL013G_RVT_TT_1P2V_25C/TLATNSRX1M' into container 'r' (FM-548)
Information: Loading new version of design '/SCMETRO_TSMC_CL013G_RVT_TT_1P2V_25C/TLATNSRX2M' into container 'r' (FM-548)
Information: Loading new version of design '/SCMETRO_TSMC_CL013G_RVT_TT_1P2V_25C/TLATNSRX4M' into container 'r' (FM-548)
Information: Loading new version of design '/SCMETRO_TSMC_CL013G_RVT_TT_1P2V_25C/TLATNTSCAX12M' into container 'r' (FM-548)
Information: Loading new version of design '/SCMETRO_TSMC_CL013G_RVT_TT_1P2V_25C/TLATNTSCAX16M' into container 'r' (FM-548)
Information: Loading new version of design '/SCMETRO_TSMC_CL013G_RVT_TT_1P2V_25C/TLATNTSCAX20M' into container 'r' (FM-548)
Information: Loading new version of design '/SCMETRO_TSMC_CL013G_RVT_TT_1P2V_25C/TLATNTSCAX2M' into container 'r' (FM-548)
Information: Loading new version of design '/SCMETRO_TSMC_CL013G_RVT_TT_1P2V_25C/TLATNTSCAX3M' into container 'r' (FM-548)
Information: Loading new version of design '/SCMETRO_TSMC_CL013G_RVT_TT_1P2V_25C/TLATNTSCAX4M' into container 'r' (FM-548)
Information: Loading new version of design '/SCMETRO_TSMC_CL013G_RVT_TT_1P2V_25C/TLATNTSCAX6M' into container 'r' (FM-548)
Information: Loading new version of design '/SCMETRO_TSMC_CL013G_RVT_TT_1P2V_25C/TLATNTSCAX8M' into container 'r' (FM-548)
Information: Loading new version of design '/SCMETRO_TSMC_CL013G_RVT_TT_1P2V_25C/TLATNX1M' into container 'r' (FM-548)
Information: Loading new version of design '/SCMETRO_TSMC_CL013G_RVT_TT_1P2V_25C/TLATNX2M' into container 'r' (FM-548)
Information: Loading new version of design '/SCMETRO_TSMC_CL013G_RVT_TT_1P2V_25C/TLATNX4M' into container 'r' (FM-548)
Information: Loading new version of design '/SCMETRO_TSMC_CL013G_RVT_TT_1P2V_25C/TLATSRX1M' into container 'r' (FM-548)
Information: Loading new version of design '/SCMETRO_TSMC_CL013G_RVT_TT_1P2V_25C/TLATSRX2M' into container 'r' (FM-548)
Information: Loading new version of design '/SCMETRO_TSMC_CL013G_RVT_TT_1P2V_25C/TLATSRX4M' into container 'r' (FM-548)
Information: Loading new version of design '/SCMETRO_TSMC_CL013G_RVT_TT_1P2V_25C/TLATX1M' into container 'r' (FM-548)
Information: Loading new version of design '/SCMETRO_TSMC_CL013G_RVT_TT_1P2V_25C/TLATX2M' into container 'r' (FM-548)
Information: Loading new version of design '/SCMETRO_TSMC_CL013G_RVT_TT_1P2V_25C/TLATX4M' into container 'r' (FM-548)
Information: Loading new version of design '/SCMETRO_TSMC_CL013G_RVT_TT_1P2V_25C/XNOR2X1M' into container 'r' (FM-548)
Information: Loading new version of design '/SCMETRO_TSMC_CL013G_RVT_TT_1P2V_25C/XNOR2X2M' into container 'r' (FM-548)
Information: Loading new version of design '/SCMETRO_TSMC_CL013G_RVT_TT_1P2V_25C/XNOR2X4M' into container 'r' (FM-548)
Information: Loading new version of design '/SCMETRO_TSMC_CL013G_RVT_TT_1P2V_25C/XNOR2X8M' into container 'r' (FM-548)
Information: Loading new version of design '/SCMETRO_TSMC_CL013G_RVT_TT_1P2V_25C/XNOR2XLM' into container 'r' (FM-548)
Information: Loading new version of design '/SCMETRO_TSMC_CL013G_RVT_TT_1P2V_25C/XNOR3X1M' into container 'r' (FM-548)
Information: Loading new version of design '/SCMETRO_TSMC_CL013G_RVT_TT_1P2V_25C/XNOR3X2M' into container 'r' (FM-548)
Information: Loading new version of design '/SCMETRO_TSMC_CL013G_RVT_TT_1P2V_25C/XNOR3X4M' into container 'r' (FM-548)
Information: Loading new version of design '/SCMETRO_TSMC_CL013G_RVT_TT_1P2V_25C/XNOR3X8M' into container 'r' (FM-548)
Information: Loading new version of design '/SCMETRO_TSMC_CL013G_RVT_TT_1P2V_25C/XNOR3XLM' into container 'r' (FM-548)
Information: Loading new version of design '/SCMETRO_TSMC_CL013G_RVT_TT_1P2V_25C/XOR2X1M' into container 'r' (FM-548)
Information: Loading new version of design '/SCMETRO_TSMC_CL013G_RVT_TT_1P2V_25C/XOR2X2M' into container 'r' (FM-548)
Information: Loading new version of design '/SCMETRO_TSMC_CL013G_RVT_TT_1P2V_25C/XOR2X3M' into container 'r' (FM-548)
Information: Loading new version of design '/SCMETRO_TSMC_CL013G_RVT_TT_1P2V_25C/XOR2X4M' into container 'r' (FM-548)
Information: Loading new version of design '/SCMETRO_TSMC_CL013G_RVT_TT_1P2V_25C/XOR2X8M' into container 'r' (FM-548)
Information: Loading new version of design '/SCMETRO_TSMC_CL013G_RVT_TT_1P2V_25C/XOR2XLM' into container 'r' (FM-548)
Information: Loading new version of design '/SCMETRO_TSMC_CL013G_RVT_TT_1P2V_25C/XOR3X1M' into container 'r' (FM-548)
Information: Loading new version of design '/SCMETRO_TSMC_CL013G_RVT_TT_1P2V_25C/XOR3X2M' into container 'r' (FM-548)
Information: Loading new version of design '/SCMETRO_TSMC_CL013G_RVT_TT_1P2V_25C/XOR3X4M' into container 'r' (FM-548)
Information: Loading new version of design '/SCMETRO_TSMC_CL013G_RVT_TT_1P2V_25C/XOR3X8M' into container 'r' (FM-548)
Information: Loading new version of design '/SCMETRO_TSMC_CL013G_RVT_TT_1P2V_25C/XOR3XLM' into container 'r' (FM-548)
1
# set the top Reference Design 
set_top SYS_TOP
Setting top design to 'r:/WORK/SYS_TOP'
Status:   Elaborating design SYS_TOP   ...  
Status:   Elaborating design mux2X1   ...  
Status:   Elaborating design UART_RX_TOP   ...  
Status:   Elaborating design FSM   ...  
Status:   Elaborating design edge_bit_counter   ...  
Status:   Elaborating design data_sampling   ...  
Status:   Elaborating design parity_check   ...  
Status:   Elaborating design deserializer   ...  
Status:   Elaborating design strt_check   ...  
Status:   Elaborating design stop_check   ...  
Status:   Elaborating design DATA_SYNC  NUM_STAGES=2 ...  
Information: Created design named 'DATA_SYNC_NUM_STAGES2'. (FE-LINK-13)
Status:   Elaborating design Register_file  ADDR_WIDTH=4, WIDTH=8, DEPTH=16 ...  
Information: Created design named 'Register_file_ADDR_WIDTH4_WIDTH8_DEPTH16'. (FE-LINK-13)
Status:   Elaborating design system_control   ...  
Status:   Elaborating design P_MUX   ...  
Status:   Elaborating design ClkDiv   ...  
Status:   Elaborating design RST_SYNC  NUM_STAGES=2 ...  
Information: Created design named 'RST_SYNC_NUM_STAGES2'. (FE-LINK-13)
Status:   Elaborating design CLK_GATE   ...  
Status:   Elaborating design ALU_16B   ...  
Status:   Elaborating design ASYNC_FIFO  DATA_WIDTH=8, DEPTH=8, ADDR_SIZE=3 ...  
Information: Created design named 'ASYNC_FIFO_DATA_WIDTH8_DEPTH8_ADDR_SIZE3'. (FE-LINK-13)
Status:   Elaborating design FIFO_MEM_CNTRL  DATA_WIDTH=8, DEPTH=8, ADDR_SIZE=3 ...  
Information: Created design named 'FIFO_MEM_CNTRL_DATA_WIDTH8_DEPTH8_ADDR_SIZE3'. (FE-LINK-13)
Status:   Elaborating design FIFO_WR  ADDR_SIZE=3 ...  
Information: Created design named 'FIFO_WR_ADDR_SIZE3'. (FE-LINK-13)
Status:   Elaborating design FIFO_RD  ADDR_SIZE=3 ...  
Information: Created design named 'FIFO_RD_ADDR_SIZE3'. (FE-LINK-13)
Status:   Elaborating design DF_SYNC  BUS_WIDTH=4 ...  
Information: Created design named 'DF_SYNC_BUS_WIDTH4'. (FE-LINK-13)
Status:   Elaborating design UART_TX   ...  
Status:   Elaborating design Serializer   ...  
Status:   Elaborating design uart_fsm   ...  
Status:   Elaborating design parity_calc   ...  
Status:   Elaborating design mux   ...  
Status:   Elaborating design pulse_gen   ...  
Status:  Implementing inferred operators...

************ Library Checking Summary ************
Warning:  3 unlinked power cell(s) with unread pg pins.
        Use 'report_libraries -defects all' for more details.
**************************************************

Top design successfully set to 'r:/WORK/SYS_TOP'
Reference design set to 'r:/WORK/SYS_TOP'
1
###################################################################
#################### Implementation Container #####################
###################################################################
# Read Implementation Design Files
read_verilog -netlist -container i "/home/IC/Labs/System/Backend/DFT/netlists/SYS_TOP.v"
No target library specified, default is WORK
Loading verilog file '/home/IC/Labs/System/Backend/DFT/netlists/SYS_TOP.v'
Current container set to 'i'
1
# Read Implementation technology libraries
read_db -container i $TTLIB
Loading db file '/home/IC/tsmc_fb_cl013g_sc/aci/sc-m/synopsys/scmetro_tsmc_cl013g_rvt_tt_1p2v_25c.db'
1
# set the top Implementation Design
set_top SYS_TOP
Setting top design to 'i:/WORK/SYS_TOP'
Status:  Implementing inferred operators...

************ Library Checking Summary ************
Warning:  1 unlinked power cell(s) with unread pg pins.
        Use 'report_libraries -defects all' for more details.
**************************************************

Top design successfully set to 'i:/WORK/SYS_TOP'
Implementation design set to 'i:/WORK/SYS_TOP'
1
########################## Don't verify ###########################
# do not verify scan in & scan out ports as a compare point as it is existed only after synthesis and not existed in the RTL
#scan in
set_dont_verify_points -type port r:/WORK/*/SI*
Set don't verify point 'r:/WORK/SYS_TOP/SI[0]'
Set don't verify point 'r:/WORK/SYS_TOP/SI[1]'
Set don't verify point 'r:/WORK/SYS_TOP/SI[2]'
Set don't verify point 'r:/WORK/SYS_TOP/SI[3]'
1
set_dont_verify_points -type port i:/WORK/*/SI*
Set don't verify point 'i:/WORK/SYS_TOP/SI[0]'
Set don't verify point 'i:/WORK/SYS_TOP/SI[1]'
Set don't verify point 'i:/WORK/SYS_TOP/SI[2]'
Set don't verify point 'i:/WORK/SYS_TOP/SI[3]'
1
#scan_out
set_dont_verify_points -type port r:/WORK/*/SO*
Set don't verify point 'r:/WORK/SYS_TOP/SO[0]'
Set don't verify point 'r:/WORK/SYS_TOP/SO[1]'
Set don't verify point 'r:/WORK/SYS_TOP/SO[2]'
Set don't verify point 'r:/WORK/SYS_TOP/SO[3]'
1
set_dont_verify_points -type port i:/WORK/*/SO*
Set don't verify point 'i:/WORK/SYS_TOP/SO[0]'
Set don't verify point 'i:/WORK/SYS_TOP/SO[1]'
Set don't verify point 'i:/WORK/SYS_TOP/SO[2]'
Set don't verify point 'i:/WORK/SYS_TOP/SO[3]'
1
############################### contants #####################################
# all atpg enable (test_mode, scan_enable) are zero during formal compare
#test_mode
set_constant r:/WORK/*/test_mode 0
Set 'r:/WORK/SYS_TOP/test_mode' to constant 0
1
set_constant i:/WORK/*/test_mode 0
Set 'i:/WORK/SYS_TOP/test_mode' to constant 0
1
#scan_enable
set_constant r:/WORK/*/SE 0
Set 'r:/WORK/SYS_TOP/SE' to constant 0
1
set_constant i:/WORK/*/SE 0
Set 'i:/WORK/SYS_TOP/SE' to constant 0
1
########################### matching Compare points ##########################
match
Reference design is 'r:/WORK/SYS_TOP'
Implementation design is 'i:/WORK/SYS_TOP'
Status:  Checking designs...
    Warning: 4 (12) undriven nets found in reference (implementation) design; see formality.log for list (FM-399)
Status:  Building verification models...
Status:  Processing Guide Commands...
    Set 'r:/WORK/SYS_TOP/SE' to constant 0    
    Set 'i:/WORK/SYS_TOP/SE' to constant 0    
    Set 'r:/WORK/SYS_TOP/test_mode' to constant 1    
    Set 'i:/WORK/SYS_TOP/test_mode' to constant 1    
    Set 'i:/WORK/SYS_TOP/SE' to constant 0    ; previous value was also 0
    Set 'i:/WORK/SYS_TOP/test_mode' to constant 1    ; previous value was also 1

***************************** Guidance Summary *****************************
                                         Status
Command                 Accepted   Rejected  Unsupported  Unprocessed  Total
----------------------------------------------------------------------------
environment         :          2          0          0          0          2
instance_map        :         28          0          0          0         28
mark                :         22          0          0          0         22
multiplier          :          2          0          0          0          2
reg_constant        :          2          0          0          0          2
scan_input          :          2          0          0          0          2
transformation
   map              :         26          0          0          0         26
   share            :          4          0          0          0          4
   tree             :          3          0          0          0          3
uniquify            :         31          2          0          0         33
ununiquify          :          1          0          0          0          1

Note: If verification succeeds you can safely ignore unaccepted guidance commands.

SVF files read:
      /home/IC/Labs/System/Backend/DFT/SYS_TOP.svf

SVF files produced:
  /home/IC/Labs/System/Backend/Formality/post-dft/formality_svf/
    svf.txt
****************************************************************************

Status:  Matching...
    
*********************************** Matching Results ***********************************    
 365 Compare points matched by name    
 0 Compare points matched by signature analysis    
 0 Compare points matched by topology    
 5 Matched primary inputs, black-box outputs    
 0(0) Unmatched reference(implementation) compare points    
 0(0) Unmatched reference(implementation) primary inputs, black-box outputs    
 11(0) Unmatched reference(implementation) unread points    
****************************************************************************************

1
################################# verify #####################################
set successful [verify]
Reference design is 'r:/WORK/SYS_TOP'
Implementation design is 'i:/WORK/SYS_TOP'
    
*********************************** Matching Results ***********************************    
 365 Compare points matched by name    
 0 Compare points matched by signature analysis    
 0 Compare points matched by topology    
 5 Matched primary inputs, black-box outputs    
 0(0) Unmatched reference(implementation) compare points    
 0(0) Unmatched reference(implementation) primary inputs, black-box outputs    
 11(0) Unmatched reference(implementation) unread points    
****************************************************************************************

Status:  Verifying...

***************************** Synopsys Auto Setup Summary ******************************

!!! Synopsys Auto Setup Mode was enabled. !!!
!!! Verification results are valid assuming the following setup constraints: !!!

### RTL Interpretation Setup
   set hdlin_ignore_parallel_case false
   set hdlin_ignore_full_case false
   set hdlin_error_on_mismatch_message false
   set hdlin_ignore_embedded_configuration true

### Undriven Signal Handling Setup
   set verification_set_undriven_signals synthesis

### Test Logic Setup
   set verification_verify_directly_undriven_output false
   Constants set on:
     SYS_TOP/SE
     SYS_TOP/test_mode
   For details see report_dont_verify_points and report_constants


For further details on Synopsys Auto Setup Mode: Type man synopsys_auto_setup
****************************************************************************************


********************************* Verification Results *********************************
Verification SUCCEEDED
   ATTENTION: synopsys_auto_setup mode was enabled.
              See Synopsys Auto Setup Summary for details.
----------------------------------------------------------
 Reference design: r:/WORK/SYS_TOP
 Implementation design: i:/WORK/SYS_TOP
 365 Passing compare points
----------------------------------------------------------------------------------------
Matched Compare Points     BBPin    Loop   BBNet     Cut    Port     DFF     LAT   TOTAL
----------------------------------------------------------------------------------------
Passing (equivalent)           0       0       0       0       3     361       1     365
Failing (not equivalent)       0       0       0       0       0       0       0       0
Not Compared
  Don't verify                 0       0       0       0       4       0       0       4
****************************************************************************************
1
if {!$successful} {
diagnose
analyze_points -failing
}
report_passing_points > "reports/passing_points.rpt"
report_failing_points > "reports/failing_points.rpt"
report_aborted_points > "reports/aborted_points.rpt"
report_unverified_points > "reports/unverified_points.rpt"
start_gui
     1  source -echo -verbose dft_fm_script.tcl
1
1
fm_shell (verify)> 