Info:  Net r:/WORK/SYS_TOP/SO[3] is undriven.
Info:  Net r:/WORK/SYS_TOP/SO[2] is undriven.
Info:  Net r:/WORK/SYS_TOP/SO[1] is undriven.
Info:  Net r:/WORK/SYS_TOP/SO[0] is undriven.
Info:  Net i:/WORK/ALU_16B_DW_div_uns_0/remainder[7] is undriven.
Info:  Net i:/WORK/ALU_16B_DW_div_uns_0/remainder[6] is undriven.
Info:  Net i:/WORK/ALU_16B_DW_div_uns_0/remainder[5] is undriven.
Info:  Net i:/WORK/ALU_16B_DW_div_uns_0/remainder[4] is undriven.
Info:  Net i:/WORK/ALU_16B_DW_div_uns_0/remainder[3] is undriven.
Info:  Net i:/WORK/ALU_16B_DW_div_uns_0/remainder[2] is undriven.
Info:  Net i:/WORK/ALU_16B_DW_div_uns_0/remainder[1] is undriven.
Info:  Net i:/WORK/ALU_16B_DW_div_uns_0/remainder[0] is undriven.
Info:  Net i:/WORK/ALU_16B_DW_div_uns_0/divide_by_0 is undriven.
Info:  Net i:/WORK/ALU_16B_DW01_sub_0/CO is undriven.
Info:  Net i:/WORK/ALU_16B_DW01_add_0/CO is undriven.
Info:  Net i:/WORK/ALU_16B_DW01_add_1/CO is undriven.
Info:  guide_uniquify 96 (Line: 703)  Cannot find object "U7_mux2X1/U1" in design 'SYS_TOP'.
Info:  SVF Operation 96 (Line: 703) - uniquify.  Status: rejected
Info:  guide_uniquify 96 (Line: 703)  Cannot find object "U6_mux2X1/U1" in design 'SYS_TOP'.
Info:  guide_uniquify 96 (Line: 703)  Cannot find object "U2_mux2X1/U1" in design 'SYS_TOP'.
Info:  guide_uniquify 96 (Line: 703)  Cannot find object "U4_mux2X1/U1" in design 'SYS_TOP'.
Info:  guide_uniquify 96 (Line: 703)  Cannot find object "U3_mux2X1/U1" in design 'SYS_TOP'.
Info:  guide_uniquify 96 (Line: 703)  Cannot find object "U1_mux2X1/U1" in design 'SYS_TOP'.
Info:  guide_uniquify 96 (Line: 703)  Cannot find object "U0_mux2X1/U1" in design 'SYS_TOP'.
Info:  guide_uniquify 104 (Line: 754)  Cannot find object "ALU/dp_cluster_0/mult_49" in design 'SYS_TOP'.
Info:  Pre-verification of r:/WORK/ALU_16B/div_56 SUCCEEDED.
Info:  Pre-verification of r:/WORK/ALU_16B/mult_49 SUCCEEDED.
